<html xmlns:math="http://exslt.org/math" xmlns:testng="http://testng.org">
   <head>
      <title>TestNG Results</title>
      <meta http-equiv="content-type" content="text/html; charset=utf-8"></meta>
      <meta http-equiv="pragma" content="no-cache"></meta>
      <meta http-equiv="cache-control" content="max-age=0"></meta>
      <meta http-equiv="cache-control" content="no-cache"></meta>
      <meta http-equiv="cache-control" content="no-store"></meta>
      <LINK rel="stylesheet" href="style.css"></LINK>
      <script type="text/javascript" src="main.js"></script>
   </head>
   <body>
      <table width="100%" style="font-size: 16px; margin-bottom: 10px;" cellspacing="1">
         <tr>
            <td width="100%">
               All methods in suite
               
               <b>InternetExplorer Suite</b>
            </td>
            <td style="background-color: #FFBBBB; padding: 3px 3px 3px 0;" align="center">
               <div style="width: 50px;">2</div>
            </td>
            <td style="background-color: lightgreen; padding: 3px 3px 3px 0;" align="center">
               <div style="width: 50px;">0</div>
            </td>
            <td style="background-color: #FFFFBB; padding: 3px 3px 3px 0;" align="center">
               <div style="width: 50px;">0</div>
            </td>
            <td align="center" style="background-color: #eaf0f7; padding: 3px 3px 3px 0;">
               <div style="width: 50px;">2</div>
            </td>
            <td align="center"
                style="font-weight: bold; background-color: #eaf0f7; padding: 3px 3px 3px 0;">
               <div style="width: 50px;">0%</div>
            </td>
            <td style="background-color: #eaf0f7; padding: 3px 3px 3px 0;" align="center"
                nowrap="true">20s
               
            </td>
         </tr>
      </table>
      <div style="width: 200px;">
         <label for="groupMethodsCheckBox" style="font-weight: bold; margin: 0;">
            <input id="groupMethodsCheckBox" type="checkbox" onclick="switchTestMethodsView(this)"></input>
            Group by class
            
         </label>
         <br></br>
         <label for="methodsFilter_ALL" style="font-weight: bold; margin: 0;">
            <input id="methodsFilter_ALL" type="checkbox"
                   onclick="testMethodsFilterChanged(this, 'ALL')"></input>
            All
            
         </label>
      </div>
      <label for="methodsFilter_FAIL" style="margin-left: 20px;">
         <input id="methodsFilter_FAIL" type="checkbox"
                onclick="testMethodsFilterChanged(this, 'FAIL')"
                checked=""></input>
         Failed
         
      </label>
      <label for="methodsFilter_PASS">
         <input id="methodsFilter_PASS" type="checkbox"
                onclick="testMethodsFilterChanged(this, 'PASS')"
                checked=""></input>
         Passed
         
      </label>
      <label for="methodsFilter_SKIP">
         <input id="methodsFilter_SKIP" type="checkbox"
                onclick="testMethodsFilterChanged(this, 'SKIP')"
                checked=""></input>
         Skipped
         
      </label>
      <label for="methodsFilter_CONF">
         <input id="methodsFilter_CONF" type="checkbox"
                onclick="testMethodsFilterChanged(this, 'CONF')"></input>
         Config
         
      </label>
      <br></br>
      <div id="testMethodsByStatus">
         <table class="testMethodsTable" cellpadding="0" cellspacing="0">
            <tr class="methodsTableHeader">
               <td width="100%">Name</td>
               <td nowrap="true">Test Date</td>
               <td nowrap="true">Started</td>
               <td nowrap="true">Duration</td>
               <td>Exception</td>
            </tr>
            <tr id="com.etouch.amazon.pages.test.TestAmazonMainPage_testPreSignIn_byStatus_failed_FAIL1_row"
                class="testMethodStatusFAIL">
               <td width="100%" class="firstMethodCell">
                  <a onclick="toggleDetailsVisibility('com.etouch.amazon.pages.test.TestAmazonMainPage_testPreSignIn_byStatus_failed_FAIL1_details')">testPreSignIn()</a>
               </td>
               <td nowrap="true">2014-12-16</td>
               <td nowrap="true">14:53:48</td>
               <td nowrap="true" align="right">20s
                  
               </td>
               <td nowrap="true">
                  <a onclick="toggleDetailsVisibility('com.etouch.amazon.pages.test.TestAmazonMainPage_testPreSignIn_byStatus_failed_FAIL1_exception')">org.openqa.selenium.NoSuchWindowException: 
                     Unable to get browser (WARNING: The server did not provide any stacktrace information)
                     Command duration or timeout: 21 milliseconds
                     Build info: version: '2.35.0', revision: '8df0c6bedf70ff9f22c647788f9fe9c8d22210e2', time: '2013-08-17 12:46:41'
                     System info: os.name: 'Windows 8.1', os.arch: 'amd64', os.version: '6.3', java.version: '1.7.0_67'
                     Session ID: dd550a9b-dff4-4c74-ba1a-ab4de1dd002d
                     Driver info: org.openqa.selenium.ie.InternetExplorerDriver
                     Capabilities [{platform=WINDOWS, javascriptEnabled=true, elementScrollBehavior=0, ignoreZoomSetting=false, enablePersistentHover=true,
                     ie.ensureCleanSession=false, browserName=internet explorer, enableElementCacheCleanup=true, unexpectedAlertBehaviour=dismiss,
                     version=11, ie.usePerProcessProxy=false, ignoreProtectedModeSettings=false, cssSelectorsEnabled=true, requireWindowFocus=false,
                     initialBrowserUrl=http://localhost:34297/, handlesAlerts=true, ie.forceCreateProcessApi=false, nativeEvents=true, browserAttachTimeout=0,
                     ie.browserCommandLineSwitches=, takesScreenshot=true}]
                     
                  </a>
                   
                  
               </td>
            </tr>
            <tr>
               <td colspan="4" class="detailsBox">
                  <div id="com.etouch.amazon.pages.test.TestAmazonMainPage_testPreSignIn_byStatus_failed_FAIL1_details"
                       class="testMethodDetails">
                     <div>
                        <b>Name: </b>testPreSignIn
                     </div>
                     <div>
                        <b>Signature: </b>testPreSignIn()[pri:0, instance:com.etouch.amazon.pages.test.TestAmazonMainPage@7f53a83]
                     </div>
                     <div>
                        <b>Date: </b>2014-12-16
                     </div>
                     <div>
                        <b>Start time: </b>14:53:48
                     </div>
                     <div>
                        <b>End time: </b>14:54:08
                     </div>
                     <div>
                        <b>Duration: </b>20s
                        
                     </div>
                  </div>
               </td>
            </tr>
            <tr>
               <td colspan="4" class="detailsBox">
                  <div id="com.etouch.amazon.pages.test.TestAmazonMainPage_testPreSignIn_byStatus_failed_FAIL1_exception"
                       class="testMethodDetails">
                     <pre style="padding: 5px; margin: 0;">org.openqa.selenium.NoSuchWindowException: Unable to get browser (WARNING: The server did not provide any stacktrace information)
                        Command duration or timeout: 21 milliseconds
                        Build info: version: '2.35.0', revision: '8df0c6bedf70ff9f22c647788f9fe9c8d22210e2', time: '2013-08-17 12:46:41'
                        System info: os.name: 'Windows 8.1', os.arch: 'amd64', os.version: '6.3', java.version: '1.7.0_67'
                        Session ID: dd550a9b-dff4-4c74-ba1a-ab4de1dd002d
                        Driver info: org.openqa.selenium.ie.InternetExplorerDriver
                        Capabilities [{platform=WINDOWS, javascriptEnabled=true, elementScrollBehavior=0, ignoreZoomSetting=false, enablePersistentHover=true,
                        ie.ensureCleanSession=false, browserName=internet explorer, enableElementCacheCleanup=true, unexpectedAlertBehaviour=dismiss,
                        version=11, ie.usePerProcessProxy=false, ignoreProtectedModeSettings=false, cssSelectorsEnabled=true, requireWindowFocus=false,
                        initialBrowserUrl=http://localhost:34297/, handlesAlerts=true, ie.forceCreateProcessApi=false, nativeEvents=true, browserAttachTimeout=0,
                        ie.browserCommandLineSwitches=, takesScreenshot=true}]
                        	at sun.reflect.GeneratedConstructorAccessor18.newInstance(Unknown Source)
                        	at sun.reflect.DelegatingConstructorAccessorImpl.newInstance(DelegatingConstructorAccessorImpl.java:45)
                        	at java.lang.reflect.Constructor.newInstance(Constructor.java:526)
                        	at org.openqa.selenium.remote.ErrorHandler.createThrowable(ErrorHandler.java:191)
                        	at org.openqa.selenium.remote.ErrorHandler.throwIfResponseFailed(ErrorHandler.java:145)
                        	at org.openqa.selenium.remote.RemoteWebDriver.execute(RemoteWebDriver.java:554)
                        	at org.openqa.selenium.remote.RemoteWebDriver.execute(RemoteWebDriver.java:569)
                        	at org.openqa.selenium.remote.RemoteWebDriver.getCurrentUrl(RemoteWebDriver.java:291)
                        	at com.etouch.taf.webui.selenium.WebPage.getCurrentUrl(WebPage.java:908)
                        	at com.etouch.amazon.pages.AmazonMainPage.getPageUrl(AmazonMainPage.java:65)
                        	at com.etouch.amazon.pages.test.TestAmazonMainPage.testPreSignIn(TestAmazonMainPage.java:79)
                        	at sun.reflect.NativeMethodAccessorImpl.invoke0(Native Method)
                        	at sun.reflect.NativeMethodAccessorImpl.invoke(NativeMethodAccessorImpl.java:57)
                        	at sun.reflect.DelegatingMethodAccessorImpl.invoke(DelegatingMethodAccessorImpl.java:43)
                        	at java.lang.reflect.Method.invoke(Method.java:606)
                        	at org.testng.internal.MethodInvocationHelper.invokeMethod(MethodInvocationHelper.java:84)
                        	at org.testng.internal.Invoker.invokeMethod(Invoker.java:714)
                        	at org.testng.internal.Invoker.invokeTestMethod(Invoker.java:901)
                        	at org.testng.internal.Invoker.invokeTestMethods(Invoker.java:1231)
                        	at org.testng.internal.TestMethodWorker.invokeTestMethods(TestMethodWorker.java:127)
                        	at org.testng.internal.TestMethodWorker.run(TestMethodWorker.java:111)
                        	at org.testng.TestRunner.privateRun(TestRunner.java:767)
                        	at org.testng.TestRunner.run(TestRunner.java:617)
                        	at org.testng.SuiteRunner.runTest(SuiteRunner.java:348)
                        	at org.testng.SuiteRunner.runSequentially(SuiteRunner.java:343)
                        	at org.testng.SuiteRunner.privateRun(SuiteRunner.java:305)
                        	at org.testng.SuiteRunner.run(SuiteRunner.java:254)
                        	at org.testng.SuiteRunnerWorker.runSuite(SuiteRunnerWorker.java:52)
                        	at org.testng.SuiteRunnerWorker.run(SuiteRunnerWorker.java:86)
                        	at org.testng.TestNG.runSuitesSequentially(TestNG.java:1224)
                        	at org.testng.TestNG.runSuitesLocally(TestNG.java:1149)
                        	at org.testng.TestNG.run(TestNG.java:1057)
                        	at com.etouch.taf.core.TestBedManager.executeTestNG(TestBedManager.java:129)
                        	at com.etouch.amazon.common.TestAmazonUnit.initialize(TestAmazonUnit.java:81)
                        	at com.etouch.amazon.common.TestAmazonUnit.test(TestAmazonUnit.java:50)
                        	at sun.reflect.NativeMethodAccessorImpl.invoke0(Native Method)
                        	at sun.reflect.NativeMethodAccessorImpl.invoke(NativeMethodAccessorImpl.java:57)
                        	at sun.reflect.DelegatingMethodAccessorImpl.invoke(DelegatingMethodAccessorImpl.java:43)
                        	at java.lang.reflect.Method.invoke(Method.java:606)
                        	at junit.framework.TestCase.runTest(TestCase.java:176)
                        	at junit.framework.TestCase.runBare(TestCase.java:141)
                        	at junit.framework.TestResult$1.protect(TestResult.java:122)
                        	at junit.framework.TestResult.runProtected(TestResult.java:142)
                        	at junit.framework.TestResult.run(TestResult.java:125)
                        	at junit.framework.TestCase.run(TestCase.java:129)
                        	at junit.framework.TestSuite.runTest(TestSuite.java:255)
                        	at junit.framework.TestSuite.run(TestSuite.java:250)
                        	at org.junit.internal.runners.JUnit38ClassRunner.run(JUnit38ClassRunner.java:84)
                        	at org.junit.runners.Suite.runChild(Suite.java:127)
                        	at org.junit.runners.Suite.runChild(Suite.java:26)
                        	at org.junit.runners.ParentRunner$3.run(ParentRunner.java:238)
                        	at org.junit.runners.ParentRunner$1.schedule(ParentRunner.java:63)
                        	at org.junit.runners.ParentRunner.runChildren(ParentRunner.java:236)
                        	at org.junit.runners.ParentRunner.access$000(ParentRunner.java:53)
                        	at org.junit.runners.ParentRunner$2.evaluate(ParentRunner.java:229)
                        	at org.junit.runners.ParentRunner.run(ParentRunner.java:309)
                        	at org.junit.runner.JUnitCore.run(JUnitCore.java:160)
                        	at org.junit.runner.JUnitCore.run(JUnitCore.java:138)
                        	at org.apache.maven.surefire.junitcore.JUnitCoreWrapper.createRequestAndRun(JUnitCoreWrapper.java:113)
                        	at org.apache.maven.surefire.junitcore.JUnitCoreWrapper.executeEager(JUnitCoreWrapper.java:85)
                        	at org.apache.maven.surefire.junitcore.JUnitCoreWrapper.execute(JUnitCoreWrapper.java:54)
                        	at org.apache.maven.surefire.junitcore.JUnitCoreProvider.invoke(JUnitCoreProvider.java:134)
                        	at org.apache.maven.surefire.booter.ForkedBooter.invokeProviderInSameClassLoader(ForkedBooter.java:200)
                        	at org.apache.maven.surefire.booter.ForkedBooter.runSuitesInProcess(ForkedBooter.java:153)
                        	at org.apache.maven.surefire.booter.ForkedBooter.main(ForkedBooter.java:103)
                     </pre>
                  </div>
               </td>
            </tr>
            <tr id="com.etouch.amazon.pages.test.TestAmazonMainPage_testSignIn_byStatus_failed_FAIL2_row"
                class="testMethodStatusFAIL">
               <td width="100%" class="firstMethodCell">
                  <a onclick="toggleDetailsVisibility('com.etouch.amazon.pages.test.TestAmazonMainPage_testSignIn_byStatus_failed_FAIL2_details')">testSignIn()</a>
               </td>
               <td nowrap="true">2014-12-16</td>
               <td nowrap="true">14:54:08</td>
               <td nowrap="true" align="right">34 ms
                  
               </td>
               <td nowrap="true">
                  <a onclick="toggleDetailsVisibility('com.etouch.amazon.pages.test.TestAmazonMainPage_testSignIn_byStatus_failed_FAIL2_exception')">org.openqa.selenium.NoSuchWindowException: 
                     Unable to get browser (WARNING: The server did not provide any stacktrace information)
                     Command duration or timeout: 15 milliseconds
                     Build info: version: '2.35.0', revision: '8df0c6bedf70ff9f22c647788f9fe9c8d22210e2', time: '2013-08-17 12:46:41'
                     System info: os.name: 'Windows 8.1', os.arch: 'amd64', os.version: '6.3', java.version: '1.7.0_67'
                     Session ID: dd550a9b-dff4-4c74-ba1a-ab4de1dd002d
                     Driver info: org.openqa.selenium.ie.InternetExplorerDriver
                     Capabilities [{platform=WINDOWS, javascriptEnabled=true, elementScrollBehavior=0, ignoreZoomSetting=false, enablePersistentHover=true,
                     ie.ensureCleanSession=false, browserName=internet explorer, enableElementCacheCleanup=true, unexpectedAlertBehaviour=dismiss,
                     version=11, ie.usePerProcessProxy=false, ignoreProtectedModeSettings=false, cssSelectorsEnabled=true, requireWindowFocus=false,
                     initialBrowserUrl=http://localhost:34297/, handlesAlerts=true, ie.forceCreateProcessApi=false, nativeEvents=true, browserAttachTimeout=0,
                     ie.browserCommandLineSwitches=, takesScreenshot=true}]
                     
                  </a>
                   
                  
               </td>
            </tr>
            <tr>
               <td colspan="4" class="detailsBox">
                  <div id="com.etouch.amazon.pages.test.TestAmazonMainPage_testSignIn_byStatus_failed_FAIL2_details"
                       class="testMethodDetails">
                     <div>
                        <b>Name: </b>testSignIn
                     </div>
                     <div>
                        <b>Signature: </b>testSignIn()[pri:0, instance:com.etouch.amazon.pages.test.TestAmazonMainPage@7f53a83]
                     </div>
                     <div>
                        <b>Date: </b>2014-12-16
                     </div>
                     <div>
                        <b>Start time: </b>14:54:08
                     </div>
                     <div>
                        <b>End time: </b>14:54:08
                     </div>
                     <div>
                        <b>Duration: </b>34 ms
                        
                     </div>
                  </div>
               </td>
            </tr>
            <tr>
               <td colspan="4" class="detailsBox">
                  <div id="com.etouch.amazon.pages.test.TestAmazonMainPage_testSignIn_byStatus_failed_FAIL2_exception"
                       class="testMethodDetails">
                     <pre style="padding: 5px; margin: 0;">org.openqa.selenium.NoSuchWindowException: Unable to get browser (WARNING: The server did not provide any stacktrace information)
                        Command duration or timeout: 15 milliseconds
                        Build info: version: '2.35.0', revision: '8df0c6bedf70ff9f22c647788f9fe9c8d22210e2', time: '2013-08-17 12:46:41'
                        System info: os.name: 'Windows 8.1', os.arch: 'amd64', os.version: '6.3', java.version: '1.7.0_67'
                        Session ID: dd550a9b-dff4-4c74-ba1a-ab4de1dd002d
                        Driver info: org.openqa.selenium.ie.InternetExplorerDriver
                        Capabilities [{platform=WINDOWS, javascriptEnabled=true, elementScrollBehavior=0, ignoreZoomSetting=false, enablePersistentHover=true,
                        ie.ensureCleanSession=false, browserName=internet explorer, enableElementCacheCleanup=true, unexpectedAlertBehaviour=dismiss,
                        version=11, ie.usePerProcessProxy=false, ignoreProtectedModeSettings=false, cssSelectorsEnabled=true, requireWindowFocus=false,
                        initialBrowserUrl=http://localhost:34297/, handlesAlerts=true, ie.forceCreateProcessApi=false, nativeEvents=true, browserAttachTimeout=0,
                        ie.browserCommandLineSwitches=, takesScreenshot=true}]
                        	at sun.reflect.GeneratedConstructorAccessor18.newInstance(Unknown Source)
                        	at sun.reflect.DelegatingConstructorAccessorImpl.newInstance(DelegatingConstructorAccessorImpl.java:45)
                        	at java.lang.reflect.Constructor.newInstance(Constructor.java:526)
                        	at org.openqa.selenium.remote.ErrorHandler.createThrowable(ErrorHandler.java:191)
                        	at org.openqa.selenium.remote.ErrorHandler.throwIfResponseFailed(ErrorHandler.java:145)
                        	at org.openqa.selenium.remote.RemoteWebDriver.execute(RemoteWebDriver.java:554)
                        	at org.openqa.selenium.remote.RemoteWebDriver.execute(RemoteWebDriver.java:569)
                        	at org.openqa.selenium.remote.RemoteWebDriver.getCurrentUrl(RemoteWebDriver.java:291)
                        	at com.etouch.taf.webui.selenium.WebPage.getCurrentUrl(WebPage.java:908)
                        	at com.etouch.amazon.pages.test.TestAmazonMainPage.testSignIn(TestAmazonMainPage.java:107)
                        	at sun.reflect.NativeMethodAccessorImpl.invoke0(Native Method)
                        	at sun.reflect.NativeMethodAccessorImpl.invoke(NativeMethodAccessorImpl.java:57)
                        	at sun.reflect.DelegatingMethodAccessorImpl.invoke(DelegatingMethodAccessorImpl.java:43)
                        	at java.lang.reflect.Method.invoke(Method.java:606)
                        	at org.testng.internal.MethodInvocationHelper.invokeMethod(MethodInvocationHelper.java:84)
                        	at org.testng.internal.Invoker.invokeMethod(Invoker.java:714)
                        	at org.testng.internal.Invoker.invokeTestMethod(Invoker.java:901)
                        	at org.testng.internal.Invoker.invokeTestMethods(Invoker.java:1231)
                        	at org.testng.internal.TestMethodWorker.invokeTestMethods(TestMethodWorker.java:127)
                        	at org.testng.internal.TestMethodWorker.run(TestMethodWorker.java:111)
                        	at org.testng.TestRunner.privateRun(TestRunner.java:767)
                        	at org.testng.TestRunner.run(TestRunner.java:617)
                        	at org.testng.SuiteRunner.runTest(SuiteRunner.java:348)
                        	at org.testng.SuiteRunner.runSequentially(SuiteRunner.java:343)
                        	at org.testng.SuiteRunner.privateRun(SuiteRunner.java:305)
                        	at org.testng.SuiteRunner.run(SuiteRunner.java:254)
                        	at org.testng.SuiteRunnerWorker.runSuite(SuiteRunnerWorker.java:52)
                        	at org.testng.SuiteRunnerWorker.run(SuiteRunnerWorker.java:86)
                        	at org.testng.TestNG.runSuitesSequentially(TestNG.java:1224)
                        	at org.testng.TestNG.runSuitesLocally(TestNG.java:1149)
                        	at org.testng.TestNG.run(TestNG.java:1057)
                        	at com.etouch.taf.core.TestBedManager.executeTestNG(TestBedManager.java:129)
                        	at com.etouch.amazon.common.TestAmazonUnit.initialize(TestAmazonUnit.java:81)
                        	at com.etouch.amazon.common.TestAmazonUnit.test(TestAmazonUnit.java:50)
                        	at sun.reflect.NativeMethodAccessorImpl.invoke0(Native Method)
                        	at sun.reflect.NativeMethodAccessorImpl.invoke(NativeMethodAccessorImpl.java:57)
                        	at sun.reflect.DelegatingMethodAccessorImpl.invoke(DelegatingMethodAccessorImpl.java:43)
                        	at java.lang.reflect.Method.invoke(Method.java:606)
                        	at junit.framework.TestCase.runTest(TestCase.java:176)
                        	at junit.framework.TestCase.runBare(TestCase.java:141)
                        	at junit.framework.TestResult$1.protect(TestResult.java:122)
                        	at junit.framework.TestResult.runProtected(TestResult.java:142)
                        	at junit.framework.TestResult.run(TestResult.java:125)
                        	at junit.framework.TestCase.run(TestCase.java:129)
                        	at junit.framework.TestSuite.runTest(TestSuite.java:255)
                        	at junit.framework.TestSuite.run(TestSuite.java:250)
                        	at org.junit.internal.runners.JUnit38ClassRunner.run(JUnit38ClassRunner.java:84)
                        	at org.junit.runners.Suite.runChild(Suite.java:127)
                        	at org.junit.runners.Suite.runChild(Suite.java:26)
                        	at org.junit.runners.ParentRunner$3.run(ParentRunner.java:238)
                        	at org.junit.runners.ParentRunner$1.schedule(ParentRunner.java:63)
                        	at org.junit.runners.ParentRunner.runChildren(ParentRunner.java:236)
                        	at org.junit.runners.ParentRunner.access$000(ParentRunner.java:53)
                        	at org.junit.runners.ParentRunner$2.evaluate(ParentRunner.java:229)
                        	at org.junit.runners.ParentRunner.run(ParentRunner.java:309)
                        	at org.junit.runner.JUnitCore.run(JUnitCore.java:160)
                        	at org.junit.runner.JUnitCore.run(JUnitCore.java:138)
                        	at org.apache.maven.surefire.junitcore.JUnitCoreWrapper.createRequestAndRun(JUnitCoreWrapper.java:113)
                        	at org.apache.maven.surefire.junitcore.JUnitCoreWrapper.executeEager(JUnitCoreWrapper.java:85)
                        	at org.apache.maven.surefire.junitcore.JUnitCoreWrapper.execute(JUnitCoreWrapper.java:54)
                        	at org.apache.maven.surefire.junitcore.JUnitCoreProvider.invoke(JUnitCoreProvider.java:134)
                        	at org.apache.maven.surefire.booter.ForkedBooter.invokeProviderInSameClassLoader(ForkedBooter.java:200)
                        	at org.apache.maven.surefire.booter.ForkedBooter.runSuitesInProcess(ForkedBooter.java:153)
                        	at org.apache.maven.surefire.booter.ForkedBooter.main(ForkedBooter.java:103)
                     </pre>
                  </div>
               </td>
            </tr>
            <tr id="com.etouch.amazon.pages.test.TestAmazonMainPage_tearDown_byStatus_failed_FAIL3_row"
                class="testMethodStatusFAIL testMethodStatusCONF">
               <td width="100%" class="firstMethodCell">
                  <a onclick="toggleDetailsVisibility('com.etouch.amazon.pages.test.TestAmazonMainPage_tearDown_byStatus_failed_FAIL3_details')">tearDown()</a>
               </td>
               <td nowrap="true">2014-12-16</td>
               <td nowrap="true">14:54:08</td>
               <td nowrap="true" align="right">0 ms
                  
               </td>
               <td nowrap="true">
                  <a onclick="toggleDetailsVisibility('com.etouch.amazon.pages.test.TestAmazonMainPage_tearDown_byStatus_failed_FAIL3_exception')">org.openqa.selenium.NoSuchWindowException: 
                     Unable to get browser (WARNING: The server did not provide any stacktrace information)
                     Command duration or timeout: 14 milliseconds
                     Build info: version: '2.35.0', revision: '8df0c6bedf70ff9f22c647788f9fe9c8d22210e2', time: '2013-08-17 12:46:41'
                     System info: os.name: 'Windows 8.1', os.arch: 'amd64', os.version: '6.3', java.version: '1.7.0_67'
                     Session ID: dd550a9b-dff4-4c74-ba1a-ab4de1dd002d
                     Driver info: org.openqa.selenium.ie.InternetExplorerDriver
                     Capabilities [{platform=WINDOWS, javascriptEnabled=true, elementScrollBehavior=0, ignoreZoomSetting=false, enablePersistentHover=true,
                     ie.ensureCleanSession=false, browserName=internet explorer, enableElementCacheCleanup=true, unexpectedAlertBehaviour=dismiss,
                     version=11, ie.usePerProcessProxy=false, ignoreProtectedModeSettings=false, cssSelectorsEnabled=true, requireWindowFocus=false,
                     initialBrowserUrl=http://localhost:34297/, handlesAlerts=true, ie.forceCreateProcessApi=false, nativeEvents=true, browserAttachTimeout=0,
                     ie.browserCommandLineSwitches=, takesScreenshot=true}]
                     
                  </a>
                   
                  
               </td>
            </tr>
            <tr>
               <td colspan="4" class="detailsBox">
                  <div id="com.etouch.amazon.pages.test.TestAmazonMainPage_tearDown_byStatus_failed_FAIL3_details"
                       class="testMethodDetails">
                     <div>
                        <b>Name: </b>tearDown
                     </div>
                     <div>
                        <b>Signature: </b>tearDown()[pri:0, instance:com.etouch.amazon.pages.test.TestAmazonMainPage@7f53a83]
                     </div>
                     <div>
                        <b>Date: </b>2014-12-16
                     </div>
                     <div>
                        <b>Start time: </b>14:54:08
                     </div>
                     <div>
                        <b>End time: </b>14:54:08
                     </div>
                     <div>
                        <b>Duration: </b>0 ms
                        
                     </div>
                  </div>
               </td>
            </tr>
            <tr>
               <td colspan="4" class="detailsBox">
                  <div id="com.etouch.amazon.pages.test.TestAmazonMainPage_tearDown_byStatus_failed_FAIL3_exception"
                       class="testMethodDetails">
                     <pre style="padding: 5px; margin: 0;">org.openqa.selenium.NoSuchWindowException: Unable to get browser (WARNING: The server did not provide any stacktrace information)
                        Command duration or timeout: 14 milliseconds
                        Build info: version: '2.35.0', revision: '8df0c6bedf70ff9f22c647788f9fe9c8d22210e2', time: '2013-08-17 12:46:41'
                        System info: os.name: 'Windows 8.1', os.arch: 'amd64', os.version: '6.3', java.version: '1.7.0_67'
                        Session ID: dd550a9b-dff4-4c74-ba1a-ab4de1dd002d
                        Driver info: org.openqa.selenium.ie.InternetExplorerDriver
                        Capabilities [{platform=WINDOWS, javascriptEnabled=true, elementScrollBehavior=0, ignoreZoomSetting=false, enablePersistentHover=true,
                        ie.ensureCleanSession=false, browserName=internet explorer, enableElementCacheCleanup=true, unexpectedAlertBehaviour=dismiss,
                        version=11, ie.usePerProcessProxy=false, ignoreProtectedModeSettings=false, cssSelectorsEnabled=true, requireWindowFocus=false,
                        initialBrowserUrl=http://localhost:34297/, handlesAlerts=true, ie.forceCreateProcessApi=false, nativeEvents=true, browserAttachTimeout=0,
                        ie.browserCommandLineSwitches=, takesScreenshot=true}]
                        	at sun.reflect.GeneratedConstructorAccessor18.newInstance(Unknown Source)
                        	at sun.reflect.DelegatingConstructorAccessorImpl.newInstance(DelegatingConstructorAccessorImpl.java:45)
                        	at java.lang.reflect.Constructor.newInstance(Constructor.java:526)
                        	at org.openqa.selenium.remote.ErrorHandler.createThrowable(ErrorHandler.java:191)
                        	at org.openqa.selenium.remote.ErrorHandler.throwIfResponseFailed(ErrorHandler.java:145)
                        	at org.openqa.selenium.remote.RemoteWebDriver.execute(RemoteWebDriver.java:554)
                        	at org.openqa.selenium.remote.RemoteWebDriver.execute(RemoteWebDriver.java:569)
                        	at org.openqa.selenium.remote.RemoteWebDriver.close(RemoteWebDriver.java:418)
                        	at com.etouch.amazon.pages.test.TestAmazonMainPage.tearDown(TestAmazonMainPage.java:65)
                        	at sun.reflect.NativeMethodAccessorImpl.invoke0(Native Method)
                        	at sun.reflect.NativeMethodAccessorImpl.invoke(NativeMethodAccessorImpl.java:57)
                        	at sun.reflect.DelegatingMethodAccessorImpl.invoke(DelegatingMethodAccessorImpl.java:43)
                        	at java.lang.reflect.Method.invoke(Method.java:606)
                        	at org.testng.internal.MethodInvocationHelper.invokeMethod(MethodInvocationHelper.java:84)
                        	at org.testng.internal.Invoker.invokeConfigurationMethod(Invoker.java:564)
                        	at org.testng.internal.Invoker.invokeConfigurations(Invoker.java:213)
                        	at org.testng.internal.Invoker.invokeConfigurations(Invoker.java:138)
                        	at org.testng.internal.TestMethodWorker.invokeAfterClassMethods(TestMethodWorker.java:225)
                        	at org.testng.internal.TestMethodWorker.run(TestMethodWorker.java:114)
                        	at org.testng.TestRunner.privateRun(TestRunner.java:767)
                        	at org.testng.TestRunner.run(TestRunner.java:617)
                        	at org.testng.SuiteRunner.runTest(SuiteRunner.java:348)
                        	at org.testng.SuiteRunner.runSequentially(SuiteRunner.java:343)
                        	at org.testng.SuiteRunner.privateRun(SuiteRunner.java:305)
                        	at org.testng.SuiteRunner.run(SuiteRunner.java:254)
                        	at org.testng.SuiteRunnerWorker.runSuite(SuiteRunnerWorker.java:52)
                        	at org.testng.SuiteRunnerWorker.run(SuiteRunnerWorker.java:86)
                        	at org.testng.TestNG.runSuitesSequentially(TestNG.java:1224)
                        	at org.testng.TestNG.runSuitesLocally(TestNG.java:1149)
                        	at org.testng.TestNG.run(TestNG.java:1057)
                        	at com.etouch.taf.core.TestBedManager.executeTestNG(TestBedManager.java:129)
                        	at com.etouch.amazon.common.TestAmazonUnit.initialize(TestAmazonUnit.java:81)
                        	at com.etouch.amazon.common.TestAmazonUnit.test(TestAmazonUnit.java:50)
                        	at sun.reflect.NativeMethodAccessorImpl.invoke0(Native Method)
                        	at sun.reflect.NativeMethodAccessorImpl.invoke(NativeMethodAccessorImpl.java:57)
                        	at sun.reflect.DelegatingMethodAccessorImpl.invoke(DelegatingMethodAccessorImpl.java:43)
                        	at java.lang.reflect.Method.invoke(Method.java:606)
                        	at junit.framework.TestCase.runTest(TestCase.java:176)
                        	at junit.framework.TestCase.runBare(TestCase.java:141)
                        	at junit.framework.TestResult$1.protect(TestResult.java:122)
                        	at junit.framework.TestResult.runProtected(TestResult.java:142)
                        	at junit.framework.TestResult.run(TestResult.java:125)
                        	at junit.framework.TestCase.run(TestCase.java:129)
                        	at junit.framework.TestSuite.runTest(TestSuite.java:255)
                        	at junit.framework.TestSuite.run(TestSuite.java:250)
                        	at org.junit.internal.runners.JUnit38ClassRunner.run(JUnit38ClassRunner.java:84)
                        	at org.junit.runners.Suite.runChild(Suite.java:127)
                        	at org.junit.runners.Suite.runChild(Suite.java:26)
                        	at org.junit.runners.ParentRunner$3.run(ParentRunner.java:238)
                        	at org.junit.runners.ParentRunner$1.schedule(ParentRunner.java:63)
                        	at org.junit.runners.ParentRunner.runChildren(ParentRunner.java:236)
                        	at org.junit.runners.ParentRunner.access$000(ParentRunner.java:53)
                        	at org.junit.runners.ParentRunner$2.evaluate(ParentRunner.java:229)
                        	at org.junit.runners.ParentRunner.run(ParentRunner.java:309)
                        	at org.junit.runner.JUnitCore.run(JUnitCore.java:160)
                        	at org.junit.runner.JUnitCore.run(JUnitCore.java:138)
                        	at org.apache.maven.surefire.junitcore.JUnitCoreWrapper.createRequestAndRun(JUnitCoreWrapper.java:113)
                        	at org.apache.maven.surefire.junitcore.JUnitCoreWrapper.executeEager(JUnitCoreWrapper.java:85)
                        	at org.apache.maven.surefire.junitcore.JUnitCoreWrapper.execute(JUnitCoreWrapper.java:54)
                        	at org.apache.maven.surefire.junitcore.JUnitCoreProvider.invoke(JUnitCoreProvider.java:134)
                        	at org.apache.maven.surefire.booter.ForkedBooter.invokeProviderInSameClassLoader(ForkedBooter.java:200)
                        	at org.apache.maven.surefire.booter.ForkedBooter.runSuitesInProcess(ForkedBooter.java:153)
                        	at org.apache.maven.surefire.booter.ForkedBooter.main(ForkedBooter.java:103)
                     </pre>
                  </div>
               </td>
            </tr>
            <tr id="com.etouch.amazon.pages.test.TestAmazonMainPage_loadConfig_byStatus_passed_PASS1_row"
                class="testMethodStatusPASS testMethodStatusCONF">
               <td width="100%" class="firstMethodCell">
                  <a onclick="toggleDetailsVisibility('com.etouch.amazon.pages.test.TestAmazonMainPage_loadConfig_byStatus_passed_PASS1_details')">loadConfig()</a>
               </td>
               <td nowrap="true">2014-12-16</td>
               <td nowrap="true">14:53:48</td>
               <td nowrap="true" align="right">8 ms
                  
               </td>
               <td nowrap="true">
                   
                  
               </td>
            </tr>
            <tr>
               <td colspan="4" class="detailsBox">
                  <div id="com.etouch.amazon.pages.test.TestAmazonMainPage_loadConfig_byStatus_passed_PASS1_details"
                       class="testMethodDetails">
                     <div>
                        <b>Name: </b>loadConfig
                     </div>
                     <div>
                        <b>Signature: </b>loadConfig()[pri:0, instance:com.etouch.amazon.pages.test.TestAmazonMainPage@7f53a83]
                     </div>
                     <div>
                        <b>Date: </b>2014-12-16
                     </div>
                     <div>
                        <b>Start time: </b>14:53:48
                     </div>
                     <div>
                        <b>End time: </b>14:53:48
                     </div>
                     <div>
                        <b>Duration: </b>8 ms
                        
                     </div>
                  </div>
               </td>
            </tr>
            <tr></tr>
            <tr id="com.etouch.amazon.pages.test.TestAmazonMainPage_prepareBeforeClass_byStatus_passed_PASS2_row"
                class="testMethodStatusPASS testMethodStatusCONF">
               <td width="100%" class="firstMethodCell">
                  <a onclick="toggleDetailsVisibility('com.etouch.amazon.pages.test.TestAmazonMainPage_prepareBeforeClass_byStatus_passed_PASS2_details')">prepareBeforeClass()</a>
               </td>
               <td nowrap="true">2014-12-16</td>
               <td nowrap="true">14:53:48</td>
               <td nowrap="true" align="right">63 ms
                  
               </td>
               <td nowrap="true">
                   
                  
               </td>
            </tr>
            <tr>
               <td colspan="4" class="detailsBox">
                  <div id="com.etouch.amazon.pages.test.TestAmazonMainPage_prepareBeforeClass_byStatus_passed_PASS2_details"
                       class="testMethodDetails">
                     <div>
                        <b>Name: </b>prepareBeforeClass
                     </div>
                     <div>
                        <b>Signature: </b>prepareBeforeClass()[pri:0, instance:com.etouch.amazon.pages.test.TestAmazonMainPage@7f53a83]
                     </div>
                     <div>
                        <b>Date: </b>2014-12-16
                     </div>
                     <div>
                        <b>Start time: </b>14:53:48
                     </div>
                     <div>
                        <b>End time: </b>14:53:48
                     </div>
                     <div>
                        <b>Duration: </b>63 ms
                        
                     </div>
                  </div>
               </td>
            </tr>
            <tr></tr>
            <tr id="com.etouch.amazon.pages.test.TestAmazonMainPage_printTimeStart_byStatus_passed_PASS3_row"
                class="testMethodStatusPASS testMethodStatusCONF">
               <td width="100%" class="firstMethodCell">
                  <a onclick="toggleDetailsVisibility('com.etouch.amazon.pages.test.TestAmazonMainPage_printTimeStart_byStatus_passed_PASS3_details')">printTimeStart(public void com.etouch.amazon.pages.test.TestAmazonMainPage.testPreSignIn() throws com.etouch.taf.core.exception.PageException)</a>
               </td>
               <td nowrap="true">2014-12-16</td>
               <td nowrap="true">14:53:48</td>
               <td nowrap="true" align="right">2 ms
                  
               </td>
               <td nowrap="true">
                   
                  
               </td>
            </tr>
            <tr>
               <td colspan="4" class="detailsBox">
                  <div id="com.etouch.amazon.pages.test.TestAmazonMainPage_printTimeStart_byStatus_passed_PASS3_details"
                       class="testMethodDetails">
                     <div>
                        <b>Name: </b>printTimeStart
                     </div>
                     <div>
                        <b>Signature: </b>printTimeStart(java.lang.reflect.Method)[pri:0, instance:com.etouch.amazon.pages.test.TestAmazonMainPage@7f53a83]
                     </div>
                     <div>
                        <b>Parameters: </b>
                        
                        public void com.etouch.amazon.pages.test.TestAmazonMainPage.testPreSignIn() throws com.etouch.taf.core.exception.PageException
                        
                        
                     </div>
                     <div>
                        <b>Date: </b>2014-12-16
                     </div>
                     <div>
                        <b>Start time: </b>14:53:48
                     </div>
                     <div>
                        <b>End time: </b>14:53:48
                     </div>
                     <div>
                        <b>Duration: </b>2 ms
                        
                     </div>
                  </div>
               </td>
            </tr>
            <tr></tr>
            <tr id="com.etouch.amazon.pages.test.TestAmazonMainPage_printTimeTaken_byStatus_passed_PASS4_row"
                class="testMethodStatusPASS testMethodStatusCONF">
               <td width="100%" class="firstMethodCell">
                  <a onclick="toggleDetailsVisibility('com.etouch.amazon.pages.test.TestAmazonMainPage_printTimeTaken_byStatus_passed_PASS4_details')">printTimeTaken(public void com.etouch.amazon.pages.test.TestAmazonMainPage.testPreSignIn() throws com.etouch.taf.core.exception.PageException)</a>
               </td>
               <td nowrap="true">2014-12-16</td>
               <td nowrap="true">14:54:08</td>
               <td nowrap="true" align="right">2 ms
                  
               </td>
               <td nowrap="true">
                   
                  
               </td>
            </tr>
            <tr>
               <td colspan="4" class="detailsBox">
                  <div id="com.etouch.amazon.pages.test.TestAmazonMainPage_printTimeTaken_byStatus_passed_PASS4_details"
                       class="testMethodDetails">
                     <div>
                        <b>Name: </b>printTimeTaken
                     </div>
                     <div>
                        <b>Signature: </b>printTimeTaken(java.lang.reflect.Method)[pri:0, instance:com.etouch.amazon.pages.test.TestAmazonMainPage@7f53a83]
                     </div>
                     <div>
                        <b>Parameters: </b>
                        
                        public void com.etouch.amazon.pages.test.TestAmazonMainPage.testPreSignIn() throws com.etouch.taf.core.exception.PageException
                        
                        
                     </div>
                     <div>
                        <b>Date: </b>2014-12-16
                     </div>
                     <div>
                        <b>Start time: </b>14:54:08
                     </div>
                     <div>
                        <b>End time: </b>14:54:08
                     </div>
                     <div>
                        <b>Duration: </b>2 ms
                        
                     </div>
                  </div>
               </td>
            </tr>
            <tr></tr>
            <tr id="com.etouch.amazon.pages.test.TestAmazonMainPage_printTimeStart_byStatus_passed_PASS5_row"
                class="testMethodStatusPASS testMethodStatusCONF">
               <td width="100%" class="firstMethodCell">
                  <a onclick="toggleDetailsVisibility('com.etouch.amazon.pages.test.TestAmazonMainPage_printTimeStart_byStatus_passed_PASS5_details')">printTimeStart(public void com.etouch.amazon.pages.test.TestAmazonMainPage.testSignIn() throws com.etouch.taf.core.exception.PageException)</a>
               </td>
               <td nowrap="true">2014-12-16</td>
               <td nowrap="true">14:54:08</td>
               <td nowrap="true" align="right">1 ms
                  
               </td>
               <td nowrap="true">
                   
                  
               </td>
            </tr>
            <tr>
               <td colspan="4" class="detailsBox">
                  <div id="com.etouch.amazon.pages.test.TestAmazonMainPage_printTimeStart_byStatus_passed_PASS5_details"
                       class="testMethodDetails">
                     <div>
                        <b>Name: </b>printTimeStart
                     </div>
                     <div>
                        <b>Signature: </b>printTimeStart(java.lang.reflect.Method)[pri:0, instance:com.etouch.amazon.pages.test.TestAmazonMainPage@7f53a83]
                     </div>
                     <div>
                        <b>Parameters: </b>
                        
                        public void com.etouch.amazon.pages.test.TestAmazonMainPage.testSignIn() throws com.etouch.taf.core.exception.PageException
                        
                        
                     </div>
                     <div>
                        <b>Date: </b>2014-12-16
                     </div>
                     <div>
                        <b>Start time: </b>14:54:08
                     </div>
                     <div>
                        <b>End time: </b>14:54:08
                     </div>
                     <div>
                        <b>Duration: </b>1 ms
                        
                     </div>
                  </div>
               </td>
            </tr>
            <tr></tr>
            <tr id="com.etouch.amazon.pages.test.TestAmazonMainPage_printTimeTaken_byStatus_passed_PASS6_row"
                class="testMethodStatusPASS testMethodStatusCONF">
               <td width="100%" class="firstMethodCell">
                  <a onclick="toggleDetailsVisibility('com.etouch.amazon.pages.test.TestAmazonMainPage_printTimeTaken_byStatus_passed_PASS6_details')">printTimeTaken(public void com.etouch.amazon.pages.test.TestAmazonMainPage.testSignIn() throws com.etouch.taf.core.exception.PageException)</a>
               </td>
               <td nowrap="true">2014-12-16</td>
               <td nowrap="true">14:54:08</td>
               <td nowrap="true" align="right">0 ms
                  
               </td>
               <td nowrap="true">
                   
                  
               </td>
            </tr>
            <tr>
               <td colspan="4" class="detailsBox">
                  <div id="com.etouch.amazon.pages.test.TestAmazonMainPage_printTimeTaken_byStatus_passed_PASS6_details"
                       class="testMethodDetails">
                     <div>
                        <b>Name: </b>printTimeTaken
                     </div>
                     <div>
                        <b>Signature: </b>printTimeTaken(java.lang.reflect.Method)[pri:0, instance:com.etouch.amazon.pages.test.TestAmazonMainPage@7f53a83]
                     </div>
                     <div>
                        <b>Parameters: </b>
                        
                        public void com.etouch.amazon.pages.test.TestAmazonMainPage.testSignIn() throws com.etouch.taf.core.exception.PageException
                        
                        
                     </div>
                     <div>
                        <b>Date: </b>2014-12-16
                     </div>
                     <div>
                        <b>Start time: </b>14:54:08
                     </div>
                     <div>
                        <b>End time: </b>14:54:08
                     </div>
                     <div>
                        <b>Duration: </b>0 ms
                        
                     </div>
                  </div>
               </td>
            </tr>
            <tr></tr>
         </table>
      </div>
      <div id="testMethodsByClass" style="display: none;">
         <table class="testMethodsTable" cellpadding="0" cellspacing="0">
            <tr>
               <td colspan="4">
                  <h3 style="display: inline;">com.etouch.amazon.pages.test.TestAmazonMainPage</h3>
               </td>
            </tr>
            <tr class="methodsTableHeader">
               <td width="100%">Name</td>
               <td nowrap="true">Test Date</td>
               <td nowrap="true">Started</td>
               <td nowrap="true">Duration</td>
               <td>Exception</td>
            </tr>
            <tr id="com.etouch.amazon.pages.test.TestAmazonMainPage_loadConfig_byClass_PASS1_row"
                class="testMethodStatusPASS testMethodStatusCONF">
               <td width="100%" class="firstMethodCell">
                  <a onclick="toggleDetailsVisibility('com.etouch.amazon.pages.test.TestAmazonMainPage_loadConfig_byClass_PASS1_details')">loadConfig()</a>
               </td>
               <td nowrap="true">2014-12-16</td>
               <td nowrap="true">14:53:48</td>
               <td nowrap="true" align="right">8 ms
                  
               </td>
               <td nowrap="true">
                   
                  
               </td>
            </tr>
            <tr>
               <td colspan="4" class="detailsBox">
                  <div id="com.etouch.amazon.pages.test.TestAmazonMainPage_loadConfig_byClass_PASS1_details"
                       class="testMethodDetails">
                     <div>
                        <b>Name: </b>loadConfig
                     </div>
                     <div>
                        <b>Signature: </b>loadConfig()[pri:0, instance:com.etouch.amazon.pages.test.TestAmazonMainPage@7f53a83]
                     </div>
                     <div>
                        <b>Date: </b>2014-12-16
                     </div>
                     <div>
                        <b>Start time: </b>14:53:48
                     </div>
                     <div>
                        <b>End time: </b>14:53:48
                     </div>
                     <div>
                        <b>Duration: </b>8 ms
                        
                     </div>
                  </div>
               </td>
            </tr>
            <tr></tr>
            <tr id="com.etouch.amazon.pages.test.TestAmazonMainPage_prepareBeforeClass_byClass_PASS2_row"
                class="testMethodStatusPASS testMethodStatusCONF">
               <td width="100%" class="firstMethodCell">
                  <a onclick="toggleDetailsVisibility('com.etouch.amazon.pages.test.TestAmazonMainPage_prepareBeforeClass_byClass_PASS2_details')">prepareBeforeClass()</a>
               </td>
               <td nowrap="true">2014-12-16</td>
               <td nowrap="true">14:53:48</td>
               <td nowrap="true" align="right">63 ms
                  
               </td>
               <td nowrap="true">
                   
                  
               </td>
            </tr>
            <tr>
               <td colspan="4" class="detailsBox">
                  <div id="com.etouch.amazon.pages.test.TestAmazonMainPage_prepareBeforeClass_byClass_PASS2_details"
                       class="testMethodDetails">
                     <div>
                        <b>Name: </b>prepareBeforeClass
                     </div>
                     <div>
                        <b>Signature: </b>prepareBeforeClass()[pri:0, instance:com.etouch.amazon.pages.test.TestAmazonMainPage@7f53a83]
                     </div>
                     <div>
                        <b>Date: </b>2014-12-16
                     </div>
                     <div>
                        <b>Start time: </b>14:53:48
                     </div>
                     <div>
                        <b>End time: </b>14:53:48
                     </div>
                     <div>
                        <b>Duration: </b>63 ms
                        
                     </div>
                  </div>
               </td>
            </tr>
            <tr></tr>
            <tr id="com.etouch.amazon.pages.test.TestAmazonMainPage_printTimeStart_byClass_PASS3_row"
                class="testMethodStatusPASS testMethodStatusCONF">
               <td width="100%" class="firstMethodCell">
                  <a onclick="toggleDetailsVisibility('com.etouch.amazon.pages.test.TestAmazonMainPage_printTimeStart_byClass_PASS3_details')">printTimeStart(public void com.etouch.amazon.pages.test.TestAmazonMainPage.testPreSignIn() throws com.etouch.taf.core.exception.PageException)</a>
               </td>
               <td nowrap="true">2014-12-16</td>
               <td nowrap="true">14:53:48</td>
               <td nowrap="true" align="right">2 ms
                  
               </td>
               <td nowrap="true">
                   
                  
               </td>
            </tr>
            <tr>
               <td colspan="4" class="detailsBox">
                  <div id="com.etouch.amazon.pages.test.TestAmazonMainPage_printTimeStart_byClass_PASS3_details"
                       class="testMethodDetails">
                     <div>
                        <b>Name: </b>printTimeStart
                     </div>
                     <div>
                        <b>Signature: </b>printTimeStart(java.lang.reflect.Method)[pri:0, instance:com.etouch.amazon.pages.test.TestAmazonMainPage@7f53a83]
                     </div>
                     <div>
                        <b>Parameters: </b>
                        
                        public void com.etouch.amazon.pages.test.TestAmazonMainPage.testPreSignIn() throws com.etouch.taf.core.exception.PageException
                        
                        
                     </div>
                     <div>
                        <b>Date: </b>2014-12-16
                     </div>
                     <div>
                        <b>Start time: </b>14:53:48
                     </div>
                     <div>
                        <b>End time: </b>14:53:48
                     </div>
                     <div>
                        <b>Duration: </b>2 ms
                        
                     </div>
                  </div>
               </td>
            </tr>
            <tr></tr>
            <tr id="com.etouch.amazon.pages.test.TestAmazonMainPage_testPreSignIn_byClass_FAIL4_row"
                class="testMethodStatusFAIL">
               <td width="100%" class="firstMethodCell">
                  <a onclick="toggleDetailsVisibility('com.etouch.amazon.pages.test.TestAmazonMainPage_testPreSignIn_byClass_FAIL4_details')">testPreSignIn()</a>
               </td>
               <td nowrap="true">2014-12-16</td>
               <td nowrap="true">14:53:48</td>
               <td nowrap="true" align="right">20s
                  
               </td>
               <td nowrap="true">
                  <a onclick="toggleDetailsVisibility('com.etouch.amazon.pages.test.TestAmazonMainPage_testPreSignIn_byClass_FAIL4_exception')">org.openqa.selenium.NoSuchWindowException: 
                     Unable to get browser (WARNING: The server did not provide any stacktrace information)
                     Command duration or timeout: 21 milliseconds
                     Build info: version: '2.35.0', revision: '8df0c6bedf70ff9f22c647788f9fe9c8d22210e2', time: '2013-08-17 12:46:41'
                     System info: os.name: 'Windows 8.1', os.arch: 'amd64', os.version: '6.3', java.version: '1.7.0_67'
                     Session ID: dd550a9b-dff4-4c74-ba1a-ab4de1dd002d
                     Driver info: org.openqa.selenium.ie.InternetExplorerDriver
                     Capabilities [{platform=WINDOWS, javascriptEnabled=true, elementScrollBehavior=0, ignoreZoomSetting=false, enablePersistentHover=true,
                     ie.ensureCleanSession=false, browserName=internet explorer, enableElementCacheCleanup=true, unexpectedAlertBehaviour=dismiss,
                     version=11, ie.usePerProcessProxy=false, ignoreProtectedModeSettings=false, cssSelectorsEnabled=true, requireWindowFocus=false,
                     initialBrowserUrl=http://localhost:34297/, handlesAlerts=true, ie.forceCreateProcessApi=false, nativeEvents=true, browserAttachTimeout=0,
                     ie.browserCommandLineSwitches=, takesScreenshot=true}]
                     
                  </a>
                   
                  
               </td>
            </tr>
            <tr>
               <td colspan="4" class="detailsBox">
                  <div id="com.etouch.amazon.pages.test.TestAmazonMainPage_testPreSignIn_byClass_FAIL4_details"
                       class="testMethodDetails">
                     <div>
                        <b>Name: </b>testPreSignIn
                     </div>
                     <div>
                        <b>Signature: </b>testPreSignIn()[pri:0, instance:com.etouch.amazon.pages.test.TestAmazonMainPage@7f53a83]
                     </div>
                     <div>
                        <b>Date: </b>2014-12-16
                     </div>
                     <div>
                        <b>Start time: </b>14:53:48
                     </div>
                     <div>
                        <b>End time: </b>14:54:08
                     </div>
                     <div>
                        <b>Duration: </b>20s
                        
                     </div>
                  </div>
               </td>
            </tr>
            <tr>
               <td colspan="4" class="detailsBox">
                  <div id="com.etouch.amazon.pages.test.TestAmazonMainPage_testPreSignIn_byClass_FAIL4_exception"
                       class="testMethodDetails">
                     <pre style="padding: 5px; margin: 0;">org.openqa.selenium.NoSuchWindowException: Unable to get browser (WARNING: The server did not provide any stacktrace information)
                        Command duration or timeout: 21 milliseconds
                        Build info: version: '2.35.0', revision: '8df0c6bedf70ff9f22c647788f9fe9c8d22210e2', time: '2013-08-17 12:46:41'
                        System info: os.name: 'Windows 8.1', os.arch: 'amd64', os.version: '6.3', java.version: '1.7.0_67'
                        Session ID: dd550a9b-dff4-4c74-ba1a-ab4de1dd002d
                        Driver info: org.openqa.selenium.ie.InternetExplorerDriver
                        Capabilities [{platform=WINDOWS, javascriptEnabled=true, elementScrollBehavior=0, ignoreZoomSetting=false, enablePersistentHover=true,
                        ie.ensureCleanSession=false, browserName=internet explorer, enableElementCacheCleanup=true, unexpectedAlertBehaviour=dismiss,
                        version=11, ie.usePerProcessProxy=false, ignoreProtectedModeSettings=false, cssSelectorsEnabled=true, requireWindowFocus=false,
                        initialBrowserUrl=http://localhost:34297/, handlesAlerts=true, ie.forceCreateProcessApi=false, nativeEvents=true, browserAttachTimeout=0,
                        ie.browserCommandLineSwitches=, takesScreenshot=true}]
                        	at sun.reflect.GeneratedConstructorAccessor18.newInstance(Unknown Source)
                        	at sun.reflect.DelegatingConstructorAccessorImpl.newInstance(DelegatingConstructorAccessorImpl.java:45)
                        	at java.lang.reflect.Constructor.newInstance(Constructor.java:526)
                        	at org.openqa.selenium.remote.ErrorHandler.createThrowable(ErrorHandler.java:191)
                        	at org.openqa.selenium.remote.ErrorHandler.throwIfResponseFailed(ErrorHandler.java:145)
                        	at org.openqa.selenium.remote.RemoteWebDriver.execute(RemoteWebDriver.java:554)
                        	at org.openqa.selenium.remote.RemoteWebDriver.execute(RemoteWebDriver.java:569)
                        	at org.openqa.selenium.remote.RemoteWebDriver.getCurrentUrl(RemoteWebDriver.java:291)
                        	at com.etouch.taf.webui.selenium.WebPage.getCurrentUrl(WebPage.java:908)
                        	at com.etouch.amazon.pages.AmazonMainPage.getPageUrl(AmazonMainPage.java:65)
                        	at com.etouch.amazon.pages.test.TestAmazonMainPage.testPreSignIn(TestAmazonMainPage.java:79)
                        	at sun.reflect.NativeMethodAccessorImpl.invoke0(Native Method)
                        	at sun.reflect.NativeMethodAccessorImpl.invoke(NativeMethodAccessorImpl.java:57)
                        	at sun.reflect.DelegatingMethodAccessorImpl.invoke(DelegatingMethodAccessorImpl.java:43)
                        	at java.lang.reflect.Method.invoke(Method.java:606)
                        	at org.testng.internal.MethodInvocationHelper.invokeMethod(MethodInvocationHelper.java:84)
                        	at org.testng.internal.Invoker.invokeMethod(Invoker.java:714)
                        	at org.testng.internal.Invoker.invokeTestMethod(Invoker.java:901)
                        	at org.testng.internal.Invoker.invokeTestMethods(Invoker.java:1231)
                        	at org.testng.internal.TestMethodWorker.invokeTestMethods(TestMethodWorker.java:127)
                        	at org.testng.internal.TestMethodWorker.run(TestMethodWorker.java:111)
                        	at org.testng.TestRunner.privateRun(TestRunner.java:767)
                        	at org.testng.TestRunner.run(TestRunner.java:617)
                        	at org.testng.SuiteRunner.runTest(SuiteRunner.java:348)
                        	at org.testng.SuiteRunner.runSequentially(SuiteRunner.java:343)
                        	at org.testng.SuiteRunner.privateRun(SuiteRunner.java:305)
                        	at org.testng.SuiteRunner.run(SuiteRunner.java:254)
                        	at org.testng.SuiteRunnerWorker.runSuite(SuiteRunnerWorker.java:52)
                        	at org.testng.SuiteRunnerWorker.run(SuiteRunnerWorker.java:86)
                        	at org.testng.TestNG.runSuitesSequentially(TestNG.java:1224)
                        	at org.testng.TestNG.runSuitesLocally(TestNG.java:1149)
                        	at org.testng.TestNG.run(TestNG.java:1057)
                        	at com.etouch.taf.core.TestBedManager.executeTestNG(TestBedManager.java:129)
                        	at com.etouch.amazon.common.TestAmazonUnit.initialize(TestAmazonUnit.java:81)
                        	at com.etouch.amazon.common.TestAmazonUnit.test(TestAmazonUnit.java:50)
                        	at sun.reflect.NativeMethodAccessorImpl.invoke0(Native Method)
                        	at sun.reflect.NativeMethodAccessorImpl.invoke(NativeMethodAccessorImpl.java:57)
                        	at sun.reflect.DelegatingMethodAccessorImpl.invoke(DelegatingMethodAccessorImpl.java:43)
                        	at java.lang.reflect.Method.invoke(Method.java:606)
                        	at junit.framework.TestCase.runTest(TestCase.java:176)
                        	at junit.framework.TestCase.runBare(TestCase.java:141)
                        	at junit.framework.TestResult$1.protect(TestResult.java:122)
                        	at junit.framework.TestResult.runProtected(TestResult.java:142)
                        	at junit.framework.TestResult.run(TestResult.java:125)
                        	at junit.framework.TestCase.run(TestCase.java:129)
                        	at junit.framework.TestSuite.runTest(TestSuite.java:255)
                        	at junit.framework.TestSuite.run(TestSuite.java:250)
                        	at org.junit.internal.runners.JUnit38ClassRunner.run(JUnit38ClassRunner.java:84)
                        	at org.junit.runners.Suite.runChild(Suite.java:127)
                        	at org.junit.runners.Suite.runChild(Suite.java:26)
                        	at org.junit.runners.ParentRunner$3.run(ParentRunner.java:238)
                        	at org.junit.runners.ParentRunner$1.schedule(ParentRunner.java:63)
                        	at org.junit.runners.ParentRunner.runChildren(ParentRunner.java:236)
                        	at org.junit.runners.ParentRunner.access$000(ParentRunner.java:53)
                        	at org.junit.runners.ParentRunner$2.evaluate(ParentRunner.java:229)
                        	at org.junit.runners.ParentRunner.run(ParentRunner.java:309)
                        	at org.junit.runner.JUnitCore.run(JUnitCore.java:160)
                        	at org.junit.runner.JUnitCore.run(JUnitCore.java:138)
                        	at org.apache.maven.surefire.junitcore.JUnitCoreWrapper.createRequestAndRun(JUnitCoreWrapper.java:113)
                        	at org.apache.maven.surefire.junitcore.JUnitCoreWrapper.executeEager(JUnitCoreWrapper.java:85)
                        	at org.apache.maven.surefire.junitcore.JUnitCoreWrapper.execute(JUnitCoreWrapper.java:54)
                        	at org.apache.maven.surefire.junitcore.JUnitCoreProvider.invoke(JUnitCoreProvider.java:134)
                        	at org.apache.maven.surefire.booter.ForkedBooter.invokeProviderInSameClassLoader(ForkedBooter.java:200)
                        	at org.apache.maven.surefire.booter.ForkedBooter.runSuitesInProcess(ForkedBooter.java:153)
                        	at org.apache.maven.surefire.booter.ForkedBooter.main(ForkedBooter.java:103)
                     </pre>
                  </div>
               </td>
            </tr>
            <tr id="com.etouch.amazon.pages.test.TestAmazonMainPage_printTimeTaken_byClass_PASS5_row"
                class="testMethodStatusPASS testMethodStatusCONF">
               <td width="100%" class="firstMethodCell">
                  <a onclick="toggleDetailsVisibility('com.etouch.amazon.pages.test.TestAmazonMainPage_printTimeTaken_byClass_PASS5_details')">printTimeTaken(public void com.etouch.amazon.pages.test.TestAmazonMainPage.testPreSignIn() throws com.etouch.taf.core.exception.PageException)</a>
               </td>
               <td nowrap="true">2014-12-16</td>
               <td nowrap="true">14:54:08</td>
               <td nowrap="true" align="right">2 ms
                  
               </td>
               <td nowrap="true">
                   
                  
               </td>
            </tr>
            <tr>
               <td colspan="4" class="detailsBox">
                  <div id="com.etouch.amazon.pages.test.TestAmazonMainPage_printTimeTaken_byClass_PASS5_details"
                       class="testMethodDetails">
                     <div>
                        <b>Name: </b>printTimeTaken
                     </div>
                     <div>
                        <b>Signature: </b>printTimeTaken(java.lang.reflect.Method)[pri:0, instance:com.etouch.amazon.pages.test.TestAmazonMainPage@7f53a83]
                     </div>
                     <div>
                        <b>Parameters: </b>
                        
                        public void com.etouch.amazon.pages.test.TestAmazonMainPage.testPreSignIn() throws com.etouch.taf.core.exception.PageException
                        
                        
                     </div>
                     <div>
                        <b>Date: </b>2014-12-16
                     </div>
                     <div>
                        <b>Start time: </b>14:54:08
                     </div>
                     <div>
                        <b>End time: </b>14:54:08
                     </div>
                     <div>
                        <b>Duration: </b>2 ms
                        
                     </div>
                  </div>
               </td>
            </tr>
            <tr></tr>
            <tr id="com.etouch.amazon.pages.test.TestAmazonMainPage_printTimeStart_byClass_PASS6_row"
                class="testMethodStatusPASS testMethodStatusCONF">
               <td width="100%" class="firstMethodCell">
                  <a onclick="toggleDetailsVisibility('com.etouch.amazon.pages.test.TestAmazonMainPage_printTimeStart_byClass_PASS6_details')">printTimeStart(public void com.etouch.amazon.pages.test.TestAmazonMainPage.testSignIn() throws com.etouch.taf.core.exception.PageException)</a>
               </td>
               <td nowrap="true">2014-12-16</td>
               <td nowrap="true">14:54:08</td>
               <td nowrap="true" align="right">1 ms
                  
               </td>
               <td nowrap="true">
                   
                  
               </td>
            </tr>
            <tr>
               <td colspan="4" class="detailsBox">
                  <div id="com.etouch.amazon.pages.test.TestAmazonMainPage_printTimeStart_byClass_PASS6_details"
                       class="testMethodDetails">
                     <div>
                        <b>Name: </b>printTimeStart
                     </div>
                     <div>
                        <b>Signature: </b>printTimeStart(java.lang.reflect.Method)[pri:0, instance:com.etouch.amazon.pages.test.TestAmazonMainPage@7f53a83]
                     </div>
                     <div>
                        <b>Parameters: </b>
                        
                        public void com.etouch.amazon.pages.test.TestAmazonMainPage.testSignIn() throws com.etouch.taf.core.exception.PageException
                        
                        
                     </div>
                     <div>
                        <b>Date: </b>2014-12-16
                     </div>
                     <div>
                        <b>Start time: </b>14:54:08
                     </div>
                     <div>
                        <b>End time: </b>14:54:08
                     </div>
                     <div>
                        <b>Duration: </b>1 ms
                        
                     </div>
                  </div>
               </td>
            </tr>
            <tr></tr>
            <tr id="com.etouch.amazon.pages.test.TestAmazonMainPage_testSignIn_byClass_FAIL7_row"
                class="testMethodStatusFAIL">
               <td width="100%" class="firstMethodCell">
                  <a onclick="toggleDetailsVisibility('com.etouch.amazon.pages.test.TestAmazonMainPage_testSignIn_byClass_FAIL7_details')">testSignIn()</a>
               </td>
               <td nowrap="true">2014-12-16</td>
               <td nowrap="true">14:54:08</td>
               <td nowrap="true" align="right">34 ms
                  
               </td>
               <td nowrap="true">
                  <a onclick="toggleDetailsVisibility('com.etouch.amazon.pages.test.TestAmazonMainPage_testSignIn_byClass_FAIL7_exception')">org.openqa.selenium.NoSuchWindowException: 
                     Unable to get browser (WARNING: The server did not provide any stacktrace information)
                     Command duration or timeout: 15 milliseconds
                     Build info: version: '2.35.0', revision: '8df0c6bedf70ff9f22c647788f9fe9c8d22210e2', time: '2013-08-17 12:46:41'
                     System info: os.name: 'Windows 8.1', os.arch: 'amd64', os.version: '6.3', java.version: '1.7.0_67'
                     Session ID: dd550a9b-dff4-4c74-ba1a-ab4de1dd002d
                     Driver info: org.openqa.selenium.ie.InternetExplorerDriver
                     Capabilities [{platform=WINDOWS, javascriptEnabled=true, elementScrollBehavior=0, ignoreZoomSetting=false, enablePersistentHover=true,
                     ie.ensureCleanSession=false, browserName=internet explorer, enableElementCacheCleanup=true, unexpectedAlertBehaviour=dismiss,
                     version=11, ie.usePerProcessProxy=false, ignoreProtectedModeSettings=false, cssSelectorsEnabled=true, requireWindowFocus=false,
                     initialBrowserUrl=http://localhost:34297/, handlesAlerts=true, ie.forceCreateProcessApi=false, nativeEvents=true, browserAttachTimeout=0,
                     ie.browserCommandLineSwitches=, takesScreenshot=true}]
                     
                  </a>
                   
                  
               </td>
            </tr>
            <tr>
               <td colspan="4" class="detailsBox">
                  <div id="com.etouch.amazon.pages.test.TestAmazonMainPage_testSignIn_byClass_FAIL7_details"
                       class="testMethodDetails">
                     <div>
                        <b>Name: </b>testSignIn
                     </div>
                     <div>
                        <b>Signature: </b>testSignIn()[pri:0, instance:com.etouch.amazon.pages.test.TestAmazonMainPage@7f53a83]
                     </div>
                     <div>
                        <b>Date: </b>2014-12-16
                     </div>
                     <div>
                        <b>Start time: </b>14:54:08
                     </div>
                     <div>
                        <b>End time: </b>14:54:08
                     </div>
                     <div>
                        <b>Duration: </b>34 ms
                        
                     </div>
                  </div>
               </td>
            </tr>
            <tr>
               <td colspan="4" class="detailsBox">
                  <div id="com.etouch.amazon.pages.test.TestAmazonMainPage_testSignIn_byClass_FAIL7_exception"
                       class="testMethodDetails">
                     <pre style="padding: 5px; margin: 0;">org.openqa.selenium.NoSuchWindowException: Unable to get browser (WARNING: The server did not provide any stacktrace information)
                        Command duration or timeout: 15 milliseconds
                        Build info: version: '2.35.0', revision: '8df0c6bedf70ff9f22c647788f9fe9c8d22210e2', time: '2013-08-17 12:46:41'
                        System info: os.name: 'Windows 8.1', os.arch: 'amd64', os.version: '6.3', java.version: '1.7.0_67'
                        Session ID: dd550a9b-dff4-4c74-ba1a-ab4de1dd002d
                        Driver info: org.openqa.selenium.ie.InternetExplorerDriver
                        Capabilities [{platform=WINDOWS, javascriptEnabled=true, elementScrollBehavior=0, ignoreZoomSetting=false, enablePersistentHover=true,
                        ie.ensureCleanSession=false, browserName=internet explorer, enableElementCacheCleanup=true, unexpectedAlertBehaviour=dismiss,
                        version=11, ie.usePerProcessProxy=false, ignoreProtectedModeSettings=false, cssSelectorsEnabled=true, requireWindowFocus=false,
                        initialBrowserUrl=http://localhost:34297/, handlesAlerts=true, ie.forceCreateProcessApi=false, nativeEvents=true, browserAttachTimeout=0,
                        ie.browserCommandLineSwitches=, takesScreenshot=true}]
                        	at sun.reflect.GeneratedConstructorAccessor18.newInstance(Unknown Source)
                        	at sun.reflect.DelegatingConstructorAccessorImpl.newInstance(DelegatingConstructorAccessorImpl.java:45)
                        	at java.lang.reflect.Constructor.newInstance(Constructor.java:526)
                        	at org.openqa.selenium.remote.ErrorHandler.createThrowable(ErrorHandler.java:191)
                        	at org.openqa.selenium.remote.ErrorHandler.throwIfResponseFailed(ErrorHandler.java:145)
                        	at org.openqa.selenium.remote.RemoteWebDriver.execute(RemoteWebDriver.java:554)
                        	at org.openqa.selenium.remote.RemoteWebDriver.execute(RemoteWebDriver.java:569)
                        	at org.openqa.selenium.remote.RemoteWebDriver.getCurrentUrl(RemoteWebDriver.java:291)
                        	at com.etouch.taf.webui.selenium.WebPage.getCurrentUrl(WebPage.java:908)
                        	at com.etouch.amazon.pages.test.TestAmazonMainPage.testSignIn(TestAmazonMainPage.java:107)
                        	at sun.reflect.NativeMethodAccessorImpl.invoke0(Native Method)
                        	at sun.reflect.NativeMethodAccessorImpl.invoke(NativeMethodAccessorImpl.java:57)
                        	at sun.reflect.DelegatingMethodAccessorImpl.invoke(DelegatingMethodAccessorImpl.java:43)
                        	at java.lang.reflect.Method.invoke(Method.java:606)
                        	at org.testng.internal.MethodInvocationHelper.invokeMethod(MethodInvocationHelper.java:84)
                        	at org.testng.internal.Invoker.invokeMethod(Invoker.java:714)
                        	at org.testng.internal.Invoker.invokeTestMethod(Invoker.java:901)
                        	at org.testng.internal.Invoker.invokeTestMethods(Invoker.java:1231)
                        	at org.testng.internal.TestMethodWorker.invokeTestMethods(TestMethodWorker.java:127)
                        	at org.testng.internal.TestMethodWorker.run(TestMethodWorker.java:111)
                        	at org.testng.TestRunner.privateRun(TestRunner.java:767)
                        	at org.testng.TestRunner.run(TestRunner.java:617)
                        	at org.testng.SuiteRunner.runTest(SuiteRunner.java:348)
                        	at org.testng.SuiteRunner.runSequentially(SuiteRunner.java:343)
                        	at org.testng.SuiteRunner.privateRun(SuiteRunner.java:305)
                        	at org.testng.SuiteRunner.run(SuiteRunner.java:254)
                        	at org.testng.SuiteRunnerWorker.runSuite(SuiteRunnerWorker.java:52)
                        	at org.testng.SuiteRunnerWorker.run(SuiteRunnerWorker.java:86)
                        	at org.testng.TestNG.runSuitesSequentially(TestNG.java:1224)
                        	at org.testng.TestNG.runSuitesLocally(TestNG.java:1149)
                        	at org.testng.TestNG.run(TestNG.java:1057)
                        	at com.etouch.taf.core.TestBedManager.executeTestNG(TestBedManager.java:129)
                        	at com.etouch.amazon.common.TestAmazonUnit.initialize(TestAmazonUnit.java:81)
                        	at com.etouch.amazon.common.TestAmazonUnit.test(TestAmazonUnit.java:50)
                        	at sun.reflect.NativeMethodAccessorImpl.invoke0(Native Method)
                        	at sun.reflect.NativeMethodAccessorImpl.invoke(NativeMethodAccessorImpl.java:57)
                        	at sun.reflect.DelegatingMethodAccessorImpl.invoke(DelegatingMethodAccessorImpl.java:43)
                        	at java.lang.reflect.Method.invoke(Method.java:606)
                        	at junit.framework.TestCase.runTest(TestCase.java:176)
                        	at junit.framework.TestCase.runBare(TestCase.java:141)
                        	at junit.framework.TestResult$1.protect(TestResult.java:122)
                        	at junit.framework.TestResult.runProtected(TestResult.java:142)
                        	at junit.framework.TestResult.run(TestResult.java:125)
                        	at junit.framework.TestCase.run(TestCase.java:129)
                        	at junit.framework.TestSuite.runTest(TestSuite.java:255)
                        	at junit.framework.TestSuite.run(TestSuite.java:250)
                        	at org.junit.internal.runners.JUnit38ClassRunner.run(JUnit38ClassRunner.java:84)
                        	at org.junit.runners.Suite.runChild(Suite.java:127)
                        	at org.junit.runners.Suite.runChild(Suite.java:26)
                        	at org.junit.runners.ParentRunner$3.run(ParentRunner.java:238)
                        	at org.junit.runners.ParentRunner$1.schedule(ParentRunner.java:63)
                        	at org.junit.runners.ParentRunner.runChildren(ParentRunner.java:236)
                        	at org.junit.runners.ParentRunner.access$000(ParentRunner.java:53)
                        	at org.junit.runners.ParentRunner$2.evaluate(ParentRunner.java:229)
                        	at org.junit.runners.ParentRunner.run(ParentRunner.java:309)
                        	at org.junit.runner.JUnitCore.run(JUnitCore.java:160)
                        	at org.junit.runner.JUnitCore.run(JUnitCore.java:138)
                        	at org.apache.maven.surefire.junitcore.JUnitCoreWrapper.createRequestAndRun(JUnitCoreWrapper.java:113)
                        	at org.apache.maven.surefire.junitcore.JUnitCoreWrapper.executeEager(JUnitCoreWrapper.java:85)
                        	at org.apache.maven.surefire.junitcore.JUnitCoreWrapper.execute(JUnitCoreWrapper.java:54)
                        	at org.apache.maven.surefire.junitcore.JUnitCoreProvider.invoke(JUnitCoreProvider.java:134)
                        	at org.apache.maven.surefire.booter.ForkedBooter.invokeProviderInSameClassLoader(ForkedBooter.java:200)
                        	at org.apache.maven.surefire.booter.ForkedBooter.runSuitesInProcess(ForkedBooter.java:153)
                        	at org.apache.maven.surefire.booter.ForkedBooter.main(ForkedBooter.java:103)
                     </pre>
                  </div>
               </td>
            </tr>
            <tr id="com.etouch.amazon.pages.test.TestAmazonMainPage_tearDown_byClass_FAIL8_row"
                class="testMethodStatusFAIL testMethodStatusCONF">
               <td width="100%" class="firstMethodCell">
                  <a onclick="toggleDetailsVisibility('com.etouch.amazon.pages.test.TestAmazonMainPage_tearDown_byClass_FAIL8_details')">tearDown()</a>
               </td>
               <td nowrap="true">2014-12-16</td>
               <td nowrap="true">14:54:08</td>
               <td nowrap="true" align="right">0 ms
                  
               </td>
               <td nowrap="true">
                  <a onclick="toggleDetailsVisibility('com.etouch.amazon.pages.test.TestAmazonMainPage_tearDown_byClass_FAIL8_exception')">org.openqa.selenium.NoSuchWindowException: 
                     Unable to get browser (WARNING: The server did not provide any stacktrace information)
                     Command duration or timeout: 14 milliseconds
                     Build info: version: '2.35.0', revision: '8df0c6bedf70ff9f22c647788f9fe9c8d22210e2', time: '2013-08-17 12:46:41'
                     System info: os.name: 'Windows 8.1', os.arch: 'amd64', os.version: '6.3', java.version: '1.7.0_67'
                     Session ID: dd550a9b-dff4-4c74-ba1a-ab4de1dd002d
                     Driver info: org.openqa.selenium.ie.InternetExplorerDriver
                     Capabilities [{platform=WINDOWS, javascriptEnabled=true, elementScrollBehavior=0, ignoreZoomSetting=false, enablePersistentHover=true,
                     ie.ensureCleanSession=false, browserName=internet explorer, enableElementCacheCleanup=true, unexpectedAlertBehaviour=dismiss,
                     version=11, ie.usePerProcessProxy=false, ignoreProtectedModeSettings=false, cssSelectorsEnabled=true, requireWindowFocus=false,
                     initialBrowserUrl=http://localhost:34297/, handlesAlerts=true, ie.forceCreateProcessApi=false, nativeEvents=true, browserAttachTimeout=0,
                     ie.browserCommandLineSwitches=, takesScreenshot=true}]
                     
                  </a>
                   
                  
               </td>
            </tr>
            <tr>
               <td colspan="4" class="detailsBox">
                  <div id="com.etouch.amazon.pages.test.TestAmazonMainPage_tearDown_byClass_FAIL8_details"
                       class="testMethodDetails">
                     <div>
                        <b>Name: </b>tearDown
                     </div>
                     <div>
                        <b>Signature: </b>tearDown()[pri:0, instance:com.etouch.amazon.pages.test.TestAmazonMainPage@7f53a83]
                     </div>
                     <div>
                        <b>Date: </b>2014-12-16
                     </div>
                     <div>
                        <b>Start time: </b>14:54:08
                     </div>
                     <div>
                        <b>End time: </b>14:54:08
                     </div>
                     <div>
                        <b>Duration: </b>0 ms
                        
                     </div>
                  </div>
               </td>
            </tr>
            <tr>
               <td colspan="4" class="detailsBox">
                  <div id="com.etouch.amazon.pages.test.TestAmazonMainPage_tearDown_byClass_FAIL8_exception"
                       class="testMethodDetails">
                     <pre style="padding: 5px; margin: 0;">org.openqa.selenium.NoSuchWindowException: Unable to get browser (WARNING: The server did not provide any stacktrace information)
                        Command duration or timeout: 14 milliseconds
                        Build info: version: '2.35.0', revision: '8df0c6bedf70ff9f22c647788f9fe9c8d22210e2', time: '2013-08-17 12:46:41'
                        System info: os.name: 'Windows 8.1', os.arch: 'amd64', os.version: '6.3', java.version: '1.7.0_67'
                        Session ID: dd550a9b-dff4-4c74-ba1a-ab4de1dd002d
                        Driver info: org.openqa.selenium.ie.InternetExplorerDriver
                        Capabilities [{platform=WINDOWS, javascriptEnabled=true, elementScrollBehavior=0, ignoreZoomSetting=false, enablePersistentHover=true,
                        ie.ensureCleanSession=false, browserName=internet explorer, enableElementCacheCleanup=true, unexpectedAlertBehaviour=dismiss,
                        version=11, ie.usePerProcessProxy=false, ignoreProtectedModeSettings=false, cssSelectorsEnabled=true, requireWindowFocus=false,
                        initialBrowserUrl=http://localhost:34297/, handlesAlerts=true, ie.forceCreateProcessApi=false, nativeEvents=true, browserAttachTimeout=0,
                        ie.browserCommandLineSwitches=, takesScreenshot=true}]
                        	at sun.reflect.GeneratedConstructorAccessor18.newInstance(Unknown Source)
                        	at sun.reflect.DelegatingConstructorAccessorImpl.newInstance(DelegatingConstructorAccessorImpl.java:45)
                        	at java.lang.reflect.Constructor.newInstance(Constructor.java:526)
                        	at org.openqa.selenium.remote.ErrorHandler.createThrowable(ErrorHandler.java:191)
                        	at org.openqa.selenium.remote.ErrorHandler.throwIfResponseFailed(ErrorHandler.java:145)
                        	at org.openqa.selenium.remote.RemoteWebDriver.execute(RemoteWebDriver.java:554)
                        	at org.openqa.selenium.remote.RemoteWebDriver.execute(RemoteWebDriver.java:569)
                        	at org.openqa.selenium.remote.RemoteWebDriver.close(RemoteWebDriver.java:418)
                        	at com.etouch.amazon.pages.test.TestAmazonMainPage.tearDown(TestAmazonMainPage.java:65)
                        	at sun.reflect.NativeMethodAccessorImpl.invoke0(Native Method)
                        	at sun.reflect.NativeMethodAccessorImpl.invoke(NativeMethodAccessorImpl.java:57)
                        	at sun.reflect.DelegatingMethodAccessorImpl.invoke(DelegatingMethodAccessorImpl.java:43)
                        	at java.lang.reflect.Method.invoke(Method.java:606)
                        	at org.testng.internal.MethodInvocationHelper.invokeMethod(MethodInvocationHelper.java:84)
                        	at org.testng.internal.Invoker.invokeConfigurationMethod(Invoker.java:564)
                        	at org.testng.internal.Invoker.invokeConfigurations(Invoker.java:213)
                        	at org.testng.internal.Invoker.invokeConfigurations(Invoker.java:138)
                        	at org.testng.internal.TestMethodWorker.invokeAfterClassMethods(TestMethodWorker.java:225)
                        	at org.testng.internal.TestMethodWorker.run(TestMethodWorker.java:114)
                        	at org.testng.TestRunner.privateRun(TestRunner.java:767)
                        	at org.testng.TestRunner.run(TestRunner.java:617)
                        	at org.testng.SuiteRunner.runTest(SuiteRunner.java:348)
                        	at org.testng.SuiteRunner.runSequentially(SuiteRunner.java:343)
                        	at org.testng.SuiteRunner.privateRun(SuiteRunner.java:305)
                        	at org.testng.SuiteRunner.run(SuiteRunner.java:254)
                        	at org.testng.SuiteRunnerWorker.runSuite(SuiteRunnerWorker.java:52)
                        	at org.testng.SuiteRunnerWorker.run(SuiteRunnerWorker.java:86)
                        	at org.testng.TestNG.runSuitesSequentially(TestNG.java:1224)
                        	at org.testng.TestNG.runSuitesLocally(TestNG.java:1149)
                        	at org.testng.TestNG.run(TestNG.java:1057)
                        	at com.etouch.taf.core.TestBedManager.executeTestNG(TestBedManager.java:129)
                        	at com.etouch.amazon.common.TestAmazonUnit.initialize(TestAmazonUnit.java:81)
                        	at com.etouch.amazon.common.TestAmazonUnit.test(TestAmazonUnit.java:50)
                        	at sun.reflect.NativeMethodAccessorImpl.invoke0(Native Method)
                        	at sun.reflect.NativeMethodAccessorImpl.invoke(NativeMethodAccessorImpl.java:57)
                        	at sun.reflect.DelegatingMethodAccessorImpl.invoke(DelegatingMethodAccessorImpl.java:43)
                        	at java.lang.reflect.Method.invoke(Method.java:606)
                        	at junit.framework.TestCase.runTest(TestCase.java:176)
                        	at junit.framework.TestCase.runBare(TestCase.java:141)
                        	at junit.framework.TestResult$1.protect(TestResult.java:122)
                        	at junit.framework.TestResult.runProtected(TestResult.java:142)
                        	at junit.framework.TestResult.run(TestResult.java:125)
                        	at junit.framework.TestCase.run(TestCase.java:129)
                        	at junit.framework.TestSuite.runTest(TestSuite.java:255)
                        	at junit.framework.TestSuite.run(TestSuite.java:250)
                        	at org.junit.internal.runners.JUnit38ClassRunner.run(JUnit38ClassRunner.java:84)
                        	at org.junit.runners.Suite.runChild(Suite.java:127)
                        	at org.junit.runners.Suite.runChild(Suite.java:26)
                        	at org.junit.runners.ParentRunner$3.run(ParentRunner.java:238)
                        	at org.junit.runners.ParentRunner$1.schedule(ParentRunner.java:63)
                        	at org.junit.runners.ParentRunner.runChildren(ParentRunner.java:236)
                        	at org.junit.runners.ParentRunner.access$000(ParentRunner.java:53)
                        	at org.junit.runners.ParentRunner$2.evaluate(ParentRunner.java:229)
                        	at org.junit.runners.ParentRunner.run(ParentRunner.java:309)
                        	at org.junit.runner.JUnitCore.run(JUnitCore.java:160)
                        	at org.junit.runner.JUnitCore.run(JUnitCore.java:138)
                        	at org.apache.maven.surefire.junitcore.JUnitCoreWrapper.createRequestAndRun(JUnitCoreWrapper.java:113)
                        	at org.apache.maven.surefire.junitcore.JUnitCoreWrapper.executeEager(JUnitCoreWrapper.java:85)
                        	at org.apache.maven.surefire.junitcore.JUnitCoreWrapper.execute(JUnitCoreWrapper.java:54)
                        	at org.apache.maven.surefire.junitcore.JUnitCoreProvider.invoke(JUnitCoreProvider.java:134)
                        	at org.apache.maven.surefire.booter.ForkedBooter.invokeProviderInSameClassLoader(ForkedBooter.java:200)
                        	at org.apache.maven.surefire.booter.ForkedBooter.runSuitesInProcess(ForkedBooter.java:153)
                        	at org.apache.maven.surefire.booter.ForkedBooter.main(ForkedBooter.java:103)
                     </pre>
                  </div>
               </td>
            </tr>
            <tr id="com.etouch.amazon.pages.test.TestAmazonMainPage_printTimeTaken_byClass_PASS9_row"
                class="testMethodStatusPASS testMethodStatusCONF">
               <td width="100%" class="firstMethodCell">
                  <a onclick="toggleDetailsVisibility('com.etouch.amazon.pages.test.TestAmazonMainPage_printTimeTaken_byClass_PASS9_details')">printTimeTaken(public void com.etouch.amazon.pages.test.TestAmazonMainPage.testSignIn() throws com.etouch.taf.core.exception.PageException)</a>
               </td>
               <td nowrap="true">2014-12-16</td>
               <td nowrap="true">14:54:08</td>
               <td nowrap="true" align="right">0 ms
                  
               </td>
               <td nowrap="true">
                   
                  
               </td>
            </tr>
            <tr>
               <td colspan="4" class="detailsBox">
                  <div id="com.etouch.amazon.pages.test.TestAmazonMainPage_printTimeTaken_byClass_PASS9_details"
                       class="testMethodDetails">
                     <div>
                        <b>Name: </b>printTimeTaken
                     </div>
                     <div>
                        <b>Signature: </b>printTimeTaken(java.lang.reflect.Method)[pri:0, instance:com.etouch.amazon.pages.test.TestAmazonMainPage@7f53a83]
                     </div>
                     <div>
                        <b>Parameters: </b>
                        
                        public void com.etouch.amazon.pages.test.TestAmazonMainPage.testSignIn() throws com.etouch.taf.core.exception.PageException
                        
                        
                     </div>
                     <div>
                        <b>Date: </b>2014-12-16
                     </div>
                     <div>
                        <b>Start time: </b>14:54:08
                     </div>
                     <div>
                        <b>End time: </b>14:54:08
                     </div>
                     <div>
                        <b>Duration: </b>0 ms
                        
                     </div>
                  </div>
               </td>
            </tr>
            <tr></tr>
         </table>
         <br></br>
      </div>
      <div style="margin-top: 15px; color: gray; text-align: center; font-size: 9px;">
         Generated with
         
         <a href="http://code.google.com/p/testng-xslt/" style="color: #8888aa;"
            target="_blank">
            TestNG XSLT
            
         </a>
      </div>
   </body>
</html>