<?xml version="1.0" encoding="UTF-8"?>
<testsuite name="com.etouch.amazon.common.TestAmazonUnit" time="37.093" tests="1" errors="0" skipped="0" failures="1">
  <properties>
[...]
</properties>
  <testcase name="test" classname="com.etouch.amazon.common.TestAmazonUnit" time="37.093">
    <failure message="Exception during execution of Test methods" type="java.lang.AssertionError">java.lang.AssertionError: Exception during execution of Test methods
	at org.testng.Assert.fail(Assert.java:94)
	at com.etouch.taf.util.SoftAssertor.displayAssertErrors(SoftAssertor.java:210)
	at com.etouch.amazon.common.TestAmazonUnit.test(TestAmazonUnit.java:54)
</failure>
    <system-out><![CDATA[ On initialize
 Dev config file input stream is ready
2015-03-09 16:39:54,554 [main] INFO  com.etouch.taf.core.TestSuiteManager  - Start - building TestSuits according to the configuration
<?xml version="1.0" encoding="UTF-8"?>
<!DOCTYPE suite SYSTEM "http://testng.org/testng-1.0.dtd">
<suite name="Firefox Suite">
  <parameter name="testBedName" value="Firefox"/>
  <listeners>
    <listener class-name="com.etouch.amazon.listener.SuiteListener"/>
  </listeners>
  <test name="Firefox Test">
    <classes>
      <class name="com.etouch.amazon.pages.test.TestAmazonMainPage"/>
    </classes>
  </test> <!-- Firefox Test -->
</suite> <!-- Firefox Suite -->

2015-03-09 16:39:54,592 [main] INFO  com.etouch.taf.core.TestBedManager  - Test suites begin to run
[TestNG] Running:
  Command line suite

 Current TestBedName FirefoxtbConfig TestBedName Firefox
testBedName Firefox
webDriver in AmazonMainPage FirefoxDriver: firefox on MAC (176b632c-780b-f440-9ef5-7b8425e111bb)
2015-03-09 16:40:09,155 [main] INFO  com.etouch.amazon.common.BaseTest  - <.<.<.<.<.<.<.<.<.<.< Starting method 1::testPreSignIn<.<.<.<.<.<.<.<.<.<.<
Starting test case 1
this is presignIn
2015-03-09 16:40:29,622 [main] ERROR com.etouch.taf.webui.selenium.WebPage  - Failed to find object, message : org.openqa.selenium.TimeoutException: Timed out after 20 seconds waiting for element to be clickable: By.xpath: .//*[@id='nav-your-account']/span[2]
Build info: version: '2.44.0', revision: '76d78cf323ce037c5f92db6c1bba601c2ac43ad8', time: '2014-10-23 13:11:40'
System info: host: 'Sonams-MacBook-Air-2.local', ip: '192.168.141.87', os.name: 'Mac OS X', os.arch: 'x86_64', os.version: '10.10.2', java.version: '1.6.0_65'
Session ID: 176b632c-780b-f440-9ef5-7b8425e111bb
Driver info: org.openqa.selenium.firefox.FirefoxDriver
Capabilities [{platform=MAC, acceptSslCerts=true, javascriptEnabled=true, browserName=firefox, rotatable=false, locationContextEnabled=true, version=25.0, cssSelectorsEnabled=true, databaseEnabled=true, handlesAlerts=true, browserConnectionEnabled=true, nativeEvents=false, webStorageEnabled=true, applicationCacheEnabled=true, takesScreenshot=true}]
2015-03-09 16:40:29,623 [main] ERROR com.etouch.taf.webui.selenium.WebPage  - Failed to find object using given XPATH, message : com.etouch.taf.core.exception.PageException: Failed to find object, message : org.openqa.selenium.TimeoutException: Timed out after 20 seconds waiting for element to be clickable: By.xpath: .//*[@id='nav-your-account']/span[2]
Build info: version: '2.44.0', revision: '76d78cf323ce037c5f92db6c1bba601c2ac43ad8', time: '2014-10-23 13:11:40'
System info: host: 'Sonams-MacBook-Air-2.local', ip: '192.168.141.87', os.name: 'Mac OS X', os.arch: 'x86_64', os.version: '10.10.2', java.version: '1.6.0_65'
Session ID: 176b632c-780b-f440-9ef5-7b8425e111bb
Driver info: org.openqa.selenium.firefox.FirefoxDriver
Capabilities [{platform=MAC, acceptSslCerts=true, javascriptEnabled=true, browserName=firefox, rotatable=false, locationContextEnabled=true, version=25.0, cssSelectorsEnabled=true, databaseEnabled=true, handlesAlerts=true, browserConnectionEnabled=true, nativeEvents=false, webStorageEnabled=true, applicationCacheEnabled=true, takesScreenshot=true}]
Exception is here
Failed to find object using given XPATH, message : com.etouch.taf.core.exception.PageException: Failed to find object, message : org.openqa.selenium.TimeoutException: Timed out after 20 seconds waiting for element to be clickable: By.xpath: .//*[@id='nav-your-account']/span[2]
Build info: version: '2.44.0', revision: '76d78cf323ce037c5f92db6c1bba601c2ac43ad8', time: '2014-10-23 13:11:40'
System info: host: 'Sonams-MacBook-Air-2.local', ip: '192.168.141.87', os.name: 'Mac OS X', os.arch: 'x86_64', os.version: '10.10.2', java.version: '1.6.0_65'
Session ID: 176b632c-780b-f440-9ef5-7b8425e111bb
Driver info: org.openqa.selenium.firefox.FirefoxDriver
Capabilities [{platform=MAC, acceptSslCerts=true, javascriptEnabled=true, browserName=firefox, rotatable=false, locationContextEnabled=true, version=25.0, cssSelectorsEnabled=true, databaseEnabled=true, handlesAlerts=true, browserConnectionEnabled=true, nativeEvents=false, webStorageEnabled=true, applicationCacheEnabled=true, takesScreenshot=true}]
this is same for test 1
2015-03-09 16:40:29,641 [main] INFO  com.etouch.amazon.common.BaseTest  - >.>.>.>.>.>.>.>.>.>.>.>.> Ending method 1::testPreSignIn>.>.>.>.>.>.>.>.>.>.>.>.>Time Taken ::20 Seconds
sheetName------------------AMAZON
tableName------------------AuthenticationFail
2015-03-09 16:40:30,395 [main] INFO  com.etouch.amazon.common.BaseTest  - <.<.<.<.<.<.<.<.<.<.< Starting method 2::testSignIn<.<.<.<.<.<.<.<.<.<.<
Starting test case 2
2015-03-09 16:40:30,409 [main] ERROR com.etouch.taf.webui.selenium.WebPage  - Failed to find object using given ID, message : org.openqa.selenium.NoSuchElementException: Unable to locate element: {"method":"id","selector":"ap_email"}
Command duration or timeout: 12 milliseconds
For documentation on this error, please visit: http://seleniumhq.org/exceptions/no_such_element.html
Build info: version: '2.44.0', revision: '76d78cf323ce037c5f92db6c1bba601c2ac43ad8', time: '2014-10-23 13:11:40'
System info: host: 'Sonams-MacBook-Air-2.local', ip: '192.168.141.87', os.name: 'Mac OS X', os.arch: 'x86_64', os.version: '10.10.2', java.version: '1.6.0_65'
Session ID: 176b632c-780b-f440-9ef5-7b8425e111bb
Driver info: org.openqa.selenium.firefox.FirefoxDriver
Capabilities [{platform=MAC, acceptSslCerts=true, javascriptEnabled=true, browserName=firefox, rotatable=false, locationContextEnabled=true, version=25.0, cssSelectorsEnabled=true, databaseEnabled=true, handlesAlerts=true, browserConnectionEnabled=true, nativeEvents=false, webStorageEnabled=true, applicationCacheEnabled=true, takesScreenshot=true}]
exception 2
Failed to find object using given ID, message : org.openqa.selenium.NoSuchElementException: Unable to locate element: {"method":"id","selector":"ap_email"}
Command duration or timeout: 12 milliseconds
For documentation on this error, please visit: http://seleniumhq.org/exceptions/no_such_element.html
Build info: version: '2.44.0', revision: '76d78cf323ce037c5f92db6c1bba601c2ac43ad8', time: '2014-10-23 13:11:40'
System info: host: 'Sonams-MacBook-Air-2.local', ip: '192.168.141.87', os.name: 'Mac OS X', os.arch: 'x86_64', os.version: '10.10.2', java.version: '1.6.0_65'
Session ID: 176b632c-780b-f440-9ef5-7b8425e111bb
Driver info: org.openqa.selenium.firefox.FirefoxDriver
Capabilities [{platform=MAC, acceptSslCerts=true, javascriptEnabled=true, browserName=firefox, rotatable=false, locationContextEnabled=true, version=25.0, cssSelectorsEnabled=true, databaseEnabled=true, handlesAlerts=true, browserConnectionEnabled=true, nativeEvents=false, webStorageEnabled=true, applicationCacheEnabled=true, takesScreenshot=true}]
this is here 2
the test case 2 failed
2015-03-09 16:40:30,444 [main] INFO  com.etouch.amazon.common.BaseTest  - >.>.>.>.>.>.>.>.>.>.>.>.> Ending method 2::testSignIn>.>.>.>.>.>.>.>.>.>.>.>.>Time Taken ::0 Seconds
At tear down FirefoxDriver: firefox on MAC (176b632c-780b-f440-9ef5-7b8425e111bb)
2015-03-09 16:40:30,691 [main] INFO  com.etouch.amazon.listener.SuiteListener  - Suite Name :Firefox Suite - End
2015-03-09 16:40:30,691 [main] INFO  com.etouch.amazon.listener.SuiteListener  - ********Results*******

===============================================
Firefox Suite
Total tests run: 2, Failures: 0, Skips: 0
===============================================

2015-03-09 16:40:30,819 [main] ERROR com.etouch.taf.util.SoftAssertor  - URL did not matched expected [https://www.google.com] but found [http://www.amazon.com/]
]]></system-out>
    <system-err><![CDATA[java.lang.AssertionError: URL did not matched expected [https://www.google.com] but found [http://www.amazon.com/]
	at org.testng.Assert.fail(Assert.java:94)
	at org.testng.Assert.failNotEquals(Assert.java:494)
	at org.testng.Assert.assertEquals(Assert.java:123)
	at org.testng.Assert.assertEquals(Assert.java:176)
	at com.etouch.amazon.pages.test.TestAmazonMainPage.testSignIn(TestAmazonMainPage.java:146)
	at sun.reflect.NativeMethodAccessorImpl.invoke0(Native Method)
	at sun.reflect.NativeMethodAccessorImpl.invoke(NativeMethodAccessorImpl.java:39)
	at sun.reflect.DelegatingMethodAccessorImpl.invoke(DelegatingMethodAccessorImpl.java:25)
	at java.lang.reflect.Method.invoke(Method.java:597)
	at org.testng.internal.MethodInvocationHelper.invokeMethod(MethodInvocationHelper.java:84)
	at org.testng.internal.Invoker.invokeMethod(Invoker.java:714)
	at org.testng.internal.Invoker.invokeTestMethod(Invoker.java:901)
	at org.testng.internal.Invoker.invokeTestMethods(Invoker.java:1231)
	at org.testng.internal.TestMethodWorker.invokeTestMethods(TestMethodWorker.java:127)
	at org.testng.internal.TestMethodWorker.run(TestMethodWorker.java:111)
	at org.testng.TestRunner.privateRun(TestRunner.java:767)
	at org.testng.TestRunner.run(TestRunner.java:617)
	at org.testng.SuiteRunner.runTest(SuiteRunner.java:348)
	at org.testng.SuiteRunner.runSequentially(SuiteRunner.java:343)
	at org.testng.SuiteRunner.privateRun(SuiteRunner.java:305)
	at org.testng.SuiteRunner.run(SuiteRunner.java:254)
	at org.testng.SuiteRunnerWorker.runSuite(SuiteRunnerWorker.java:52)
	at org.testng.SuiteRunnerWorker.run(SuiteRunnerWorker.java:86)
	at org.testng.TestNG.runSuitesSequentially(TestNG.java:1224)
	at org.testng.TestNG.runSuitesLocally(TestNG.java:1149)
	at org.testng.TestNG.run(TestNG.java:1057)
	at com.etouch.taf.core.TestBedManager.executeTestNG(TestBedManager.java:133)
	at com.etouch.amazon.common.TestAmazonUnit.initialize(TestAmazonUnit.java:81)
	at com.etouch.amazon.common.TestAmazonUnit.test(TestAmazonUnit.java:50)
	at sun.reflect.NativeMethodAccessorImpl.invoke0(Native Method)
	at sun.reflect.NativeMethodAccessorImpl.invoke(NativeMethodAccessorImpl.java:39)
	at sun.reflect.DelegatingMethodAccessorImpl.invoke(DelegatingMethodAccessorImpl.java:25)
	at java.lang.reflect.Method.invoke(Method.java:597)
	at junit.framework.TestCase.runTest(TestCase.java:176)
	at junit.framework.TestCase.runBare(TestCase.java:141)
	at junit.framework.TestResult$1.protect(TestResult.java:122)
	at junit.framework.TestResult.runProtected(TestResult.java:142)
	at junit.framework.TestResult.run(TestResult.java:125)
	at junit.framework.TestCase.run(TestCase.java:129)
	at junit.framework.TestSuite.runTest(TestSuite.java:255)
	at junit.framework.TestSuite.run(TestSuite.java:250)
	at org.junit.internal.runners.JUnit38ClassRunner.run(JUnit38ClassRunner.java:84)
	at org.junit.runners.Suite.runChild(Suite.java:127)
	at org.junit.runners.Suite.runChild(Suite.java:26)
	at org.junit.runners.ParentRunner$3.run(ParentRunner.java:238)
	at org.junit.runners.ParentRunner$1.schedule(ParentRunner.java:63)
	at org.junit.runners.ParentRunner.runChildren(ParentRunner.java:236)
	at org.junit.runners.ParentRunner.access$000(ParentRunner.java:53)
	at org.junit.runners.ParentRunner$2.evaluate(ParentRunner.java:229)
	at org.junit.runners.ParentRunner.run(ParentRunner.java:309)
	at org.junit.runner.JUnitCore.run(JUnitCore.java:160)
	at org.junit.runner.JUnitCore.run(JUnitCore.java:138)
	at org.apache.maven.surefire.junitcore.JUnitCoreWrapper.createRequestAndRun(JUnitCoreWrapper.java:113)
	at org.apache.maven.surefire.junitcore.JUnitCoreWrapper.executeEager(JUnitCoreWrapper.java:85)
	at org.apache.maven.surefire.junitcore.JUnitCoreWrapper.execute(JUnitCoreWrapper.java:54)
	at org.apache.maven.surefire.junitcore.JUnitCoreProvider.invoke(JUnitCoreProvider.java:134)
	at org.apache.maven.surefire.booter.ForkedBooter.invokeProviderInSameClassLoader(ForkedBooter.java:200)
	at org.apache.maven.surefire.booter.ForkedBooter.runSuitesInProcess(ForkedBooter.java:153)
	at org.apache.maven.surefire.booter.ForkedBooter.main(ForkedBooter.java:103)
]]></system-err>
  </testcase>
</testsuite>