<?xml version="1.0" encoding="UTF-8"?>
<!-- Generated by org.testng.reporters.JUnitXMLReporter -->
<testsuite hostname="Sonams-MacBook-Air-2.local" name="Firefox Test" tests="2" failures="0" timestamp="9 Mar 2015 23:40:30 GMT" time="29.369" errors="0">
  <testcase name="testPreSignIn" time="20.485" classname="com.etouch.amazon.pages.test.TestAmazonMainPage"/>
  <testcase name="testSignIn" time="0.047" classname="com.etouch.amazon.pages.test.TestAmazonMainPage"/>
</testsuite> <!-- Firefox Test -->
